2023-08-01T06:31:25.949Z info: The Authorize Uri is :https://appcenter.intuit.com/connect/oauth2?client_id=ABAc1kMQ3krUiAKWA5hP3I9hnXYH0SpuZjx3ld5pcRwCO4yABP&redirect_uri=https%3A%2F%2F438c-39-62-29-82.ngrok-free.app%2Flogin&response_type=code&scope=com.intuit.quickbooks.accounting&state=fe6ca856-6174-4a82-855b-98ca385fceba
2023-08-01T06:38:21.082Z info: The Authorize Uri is :https://appcenter.intuit.com/connect/oauth2?client_id=ABAc1kMQ3krUiAKWA5hP3I9hnXYH0SpuZjx3ld5pcRwCO4yABP&redirect_uri=https%3A%2F%2F438c-39-62-29-82.ngrok-free.app%2Flogin&response_type=code&scope=com.intuit.quickbooks.accounting&state=d560f1db-63bd-4026-b35d-dbf9fd8e9c6b
2023-08-01T06:45:00.684Z info: The Authorize Uri is :https://appcenter.intuit.com/connect/oauth2?client_id=ABAc1kMQ3krUiAKWA5hP3I9hnXYH0SpuZjx3ld5pcRwCO4yABP&redirect_uri=https%3A%2F%2F438c-39-62-29-82.ngrok-free.app%2Flogin%2F&response_type=code&scope=com.intuit.quickbooks.accounting&state=e1d02df7-e820-4d34-8ab7-bf7072f9e0b8
2023-08-01T06:59:28.168Z info: The Authorize Uri is :https://appcenter.intuit.com/connect/oauth2?client_id=ABAc1kMQ3krUiAKWA5hP3I9hnXYH0SpuZjx3ld5pcRwCO4yABP&redirect_uri=https%3A%2F%2F438c-39-62-29-82.ngrok-free.app%2Flogin%2F&response_type=code&scope=com.intuit.quickbooks.accounting&state=06689ec0-2358-45e8-af4c-0d361f41abe2
2023-08-01T07:00:56.683Z info: The Authorize Uri is :https://appcenter.intuit.com/connect/oauth2?client_id=ABAc1kMQ3krUiAKWA5hP3I9hnXYH0SpuZjx3ld5pcRwCO4yABP&redirect_uri=https%3A%2F%2F438c-39-62-29-82.ngrok-free.app%2Flogin%2F&response_type=code&scope=com.intuit.quickbooks.accounting&state=621696e6-97b7-4913-aa28-b69584fd5688
2023-08-02T10:12:18.318Z error: Create Token () threw an exception : {
  "authResponse": {
    "token": {
      "realmId": "4620816365307457590",
      "token_type": "",
      "access_token": "",
      "refresh_token": "",
      "expires_in": 0,
      "x_refresh_token_expires_in": 0,
      "id_token": "",
      "latency": 60000,
      "createdAt": 1690971136523,
      "state": "409e02fb-3d57-4b29-b4e3-f68ac84c85a3"
    },
    "response": {
      "url": "https://oauth.platform.intuit.com/oauth2/v1/tokens/bearer",
      "headers": {
        "date": "Wed, 02 Aug 2023 10:12:18 GMT",
        "content-type": "application/json;charset=utf-8",
        "content-length": "119",
        "connection": "close",
        "x-spanid": "18cc1fd3-be49-aa90-af9b-86f30063b6f0",
        "x-amzn-trace-id": "Root=1-64ca2c02-36ac92672a4367ce2fa6da1a",
        "x-content-type-options": "nosniff",
        "server": "istio-envoy",
        "cache-control": "no-cache, no-store",
        "pragma": "no-cache",
        "x-envoy-upstream-service-time": "10",
        "strict-transport-security": "max-age=31536000",
        "intuit_tid": "1-64ca2c02-36ac92672a4367ce2fa6da1a",
        "x-request-id": "1-64ca2c02-36ac92672a4367ce2fa6da1a",
        "x-envoy-decorator-operation": "usw2-prd-id06-intuit-gateway-active-service.services-gateway-apigwid-usw2-prd-id06.svc.cluster.local:7000/*"
      },
      "body": "{\"error_description\":\"Mismatching redirectUri: https://438c-39-62-29-82.ngrok-free.app/login/\",\"error\":\"invalid_grant\"}",
      "status": 400,
      "statusText": "Bad Request"
    },
    "body": "{\"error_description\":\"Mismatching redirectUri: https://438c-39-62-29-82.ngrok-free.app/login/\",\"error\":\"invalid_grant\"}",
    "json": {
      "error_description": "Mismatching redirectUri: https://438c-39-62-29-82.ngrok-free.app/login/",
      "error": "invalid_grant"
    },
    "intuit_tid": "1-64ca2c02-36ac92672a4367ce2fa6da1a"
  },
  "originalMessage": "Response has an Error",
  "error": "invalid_grant",
  "error_description": "Mismatching redirectUri: https://438c-39-62-29-82.ngrok-free.app/login/",
  "intuit_tid": "1-64ca2c02-36ac92672a4367ce2fa6da1a"
}
2023-08-02T10:13:42.732Z info: Create Token response is : {
  "token": {
    "realmId": "4620816365307457590",
    "token_type": "bearer",
    "access_token": "eyJlbmMiOiJBMTI4Q0JDLUhTMjU2IiwiYWxnIjoiZGlyIn0..ZUZPlYVmj3pjtNaK29pXuw.cNsbQNXYsRZv3fxp1OwQmb9WhbCFU0GIzNPboGp7pBYmk2VbeJwkbQmWcyae_dfH3_XxG9yk8PCk2mU47yLXIhPCBnoT5Uunn-BOUzHPHAjZ66K61rLdwWqwipGCPouougJtU-hrCITxuUB4ywGCsWGNJUx0wDJibauoeo6bvjppTzYHch88z0fh4T2Pat-waDb_BA4Hmj0eUKzgm_OuU9A-Y1cIU0OAFs_5xia-XIn9MgCAU69IjDU7k9xmZu_D5-mOgZu5SEB7BoZ23ympVbpEytyHKDBijejY_sjTWJ3WI_RWDkZ-R51ycIIJo7_eVLSrFrRT7FdGFNgGIL0K9UXZsEXbUxLCh2mRNf6MvGBmXk_7-1vZYfatUWw4uYq1GlhWqqWD6xvMh8kK6U12h07DLkAYEBYJRSxHRcpom84zsyKZlvfV5TbWjdjBDM8gMNCS7kQSl9i5o1NphRhI15qYmladNKpRRztQSCmK_PyYREJyRJlcvy1oYxbVN1kn7xHBuXQkWsUc7e6e643OiqdIqrhUXHp-jMos9_Dm8XiISEZcaK6sxVC4RoWHzqXwld_EURKdup5XZv--4-cVmGxzygBPaQM7ypEsiUJyudWqMb3ELwA1JKzire3aeK8E5cOv_-J--e5Mxhcy7noqlUg_a3JVQx5NuxBQ5n8BEhl6eYBS2jmCTKXT9dE6aWootJCsmQNh02yWgUBwYr8MXT1N9oPDXesGsh8ejOI-HhRzdTftzpU1ALzBegKctFj9.8uf1KUwPJQN19kPJNZ-y1w",
    "refresh_token": "AB11699697622DIJLHRItIX2Ly2aUe1t37acaakl6MOshBqwbw",
    "expires_in": 3600,
    "x_refresh_token_expires_in": 8726400,
    "id_token": "",
    "latency": 60000,
    "createdAt": 1690971222731,
    "state": "409e02fb-3d57-4b29-b4e3-f68ac84c85a3"
  },
  "response": {
    "url": "https://oauth.platform.intuit.com/oauth2/v1/tokens/bearer",
    "headers": {
      "date": "Wed, 02 Aug 2023 10:13:42 GMT",
      "content-type": "application/json;charset=utf-8",
      "content-length": "1028",
      "connection": "close",
      "x-spanid": "95e8cedf-8d84-4311-94b5-4914ddaad09d",
      "x-amzn-trace-id": "Root=1-64ca2c56-752be9a5241fc718581bea91",
      "x-content-type-options": "nosniff",
      "server": "istio-envoy",
      "cache-control": "no-cache, no-store",
      "pragma": "no-cache",
      "x-frame-options": "SAMEORIGIN",
      "x-xss-protection": "1; mode=block",
      "x-envoy-upstream-service-time": "19",
      "strict-transport-security": "max-age=31536000",
      "intuit_tid": "1-64ca2c56-752be9a5241fc718581bea91",
      "x-request-id": "1-64ca2c56-752be9a5241fc718581bea91",
      "x-envoy-decorator-operation": "usw2-prd-id06-intuit-gateway-active-service.services-gateway-apigwid-usw2-prd-id06.svc.cluster.local:7000/*"
    },
    "body": "{\"access_token\":\"eyJlbmMiOiJBMTI4Q0JDLUhTMjU2IiwiYWxnIjoiZGlyIn0..ZUZPlYVmj3pjtNaK29pXuw.cNsbQNXYsRZv3fxp1OwQmb9WhbCFU0GIzNPboGp7pBYmk2VbeJwkbQmWcyae_dfH3_XxG9yk8PCk2mU47yLXIhPCBnoT5Uunn-BOUzHPHAjZ66K61rLdwWqwipGCPouougJtU-hrCITxuUB4ywGCsWGNJUx0wDJibauoeo6bvjppTzYHch88z0fh4T2Pat-waDb_BA4Hmj0eUKzgm_OuU9A-Y1cIU0OAFs_5xia-XIn9MgCAU69IjDU7k9xmZu_D5-mOgZu5SEB7BoZ23ympVbpEytyHKDBijejY_sjTWJ3WI_RWDkZ-R51ycIIJo7_eVLSrFrRT7FdGFNgGIL0K9UXZsEXbUxLCh2mRNf6MvGBmXk_7-1vZYfatUWw4uYq1GlhWqqWD6xvMh8kK6U12h07DLkAYEBYJRSxHRcpom84zsyKZlvfV5TbWjdjBDM8gMNCS7kQSl9i5o1NphRhI15qYmladNKpRRztQSCmK_PyYREJyRJlcvy1oYxbVN1kn7xHBuXQkWsUc7e6e643OiqdIqrhUXHp-jMos9_Dm8XiISEZcaK6sxVC4RoWHzqXwld_EURKdup5XZv--4-cVmGxzygBPaQM7ypEsiUJyudWqMb3ELwA1JKzire3aeK8E5cOv_-J--e5Mxhcy7noqlUg_a3JVQx5NuxBQ5n8BEhl6eYBS2jmCTKXT9dE6aWootJCsmQNh02yWgUBwYr8MXT1N9oPDXesGsh8ejOI-HhRzdTftzpU1ALzBegKctFj9.8uf1KUwPJQN19kPJNZ-y1w\",\"token_type\":\"bearer\",\"x_refresh_token_expires_in\":8726400,\"refresh_token\":\"AB11699697622DIJLHRItIX2Ly2aUe1t37acaakl6MOshBqwbw\",\"expires_in\":3600}",
    "status": 200,
    "statusText": "OK"
  },
  "body": "{\"access_token\":\"eyJlbmMiOiJBMTI4Q0JDLUhTMjU2IiwiYWxnIjoiZGlyIn0..ZUZPlYVmj3pjtNaK29pXuw.cNsbQNXYsRZv3fxp1OwQmb9WhbCFU0GIzNPboGp7pBYmk2VbeJwkbQmWcyae_dfH3_XxG9yk8PCk2mU47yLXIhPCBnoT5Uunn-BOUzHPHAjZ66K61rLdwWqwipGCPouougJtU-hrCITxuUB4ywGCsWGNJUx0wDJibauoeo6bvjppTzYHch88z0fh4T2Pat-waDb_BA4Hmj0eUKzgm_OuU9A-Y1cIU0OAFs_5xia-XIn9MgCAU69IjDU7k9xmZu_D5-mOgZu5SEB7BoZ23ympVbpEytyHKDBijejY_sjTWJ3WI_RWDkZ-R51ycIIJo7_eVLSrFrRT7FdGFNgGIL0K9UXZsEXbUxLCh2mRNf6MvGBmXk_7-1vZYfatUWw4uYq1GlhWqqWD6xvMh8kK6U12h07DLkAYEBYJRSxHRcpom84zsyKZlvfV5TbWjdjBDM8gMNCS7kQSl9i5o1NphRhI15qYmladNKpRRztQSCmK_PyYREJyRJlcvy1oYxbVN1kn7xHBuXQkWsUc7e6e643OiqdIqrhUXHp-jMos9_Dm8XiISEZcaK6sxVC4RoWHzqXwld_EURKdup5XZv--4-cVmGxzygBPaQM7ypEsiUJyudWqMb3ELwA1JKzire3aeK8E5cOv_-J--e5Mxhcy7noqlUg_a3JVQx5NuxBQ5n8BEhl6eYBS2jmCTKXT9dE6aWootJCsmQNh02yWgUBwYr8MXT1N9oPDXesGsh8ejOI-HhRzdTftzpU1ALzBegKctFj9.8uf1KUwPJQN19kPJNZ-y1w\",\"token_type\":\"bearer\",\"x_refresh_token_expires_in\":8726400,\"refresh_token\":\"AB11699697622DIJLHRItIX2Ly2aUe1t37acaakl6MOshBqwbw\",\"expires_in\":3600}",
  "json": {
    "access_token": "eyJlbmMiOiJBMTI4Q0JDLUhTMjU2IiwiYWxnIjoiZGlyIn0..ZUZPlYVmj3pjtNaK29pXuw.cNsbQNXYsRZv3fxp1OwQmb9WhbCFU0GIzNPboGp7pBYmk2VbeJwkbQmWcyae_dfH3_XxG9yk8PCk2mU47yLXIhPCBnoT5Uunn-BOUzHPHAjZ66K61rLdwWqwipGCPouougJtU-hrCITxuUB4ywGCsWGNJUx0wDJibauoeo6bvjppTzYHch88z0fh4T2Pat-waDb_BA4Hmj0eUKzgm_OuU9A-Y1cIU0OAFs_5xia-XIn9MgCAU69IjDU7k9xmZu_D5-mOgZu5SEB7BoZ23ympVbpEytyHKDBijejY_sjTWJ3WI_RWDkZ-R51ycIIJo7_eVLSrFrRT7FdGFNgGIL0K9UXZsEXbUxLCh2mRNf6MvGBmXk_7-1vZYfatUWw4uYq1GlhWqqWD6xvMh8kK6U12h07DLkAYEBYJRSxHRcpom84zsyKZlvfV5TbWjdjBDM8gMNCS7kQSl9i5o1NphRhI15qYmladNKpRRztQSCmK_PyYREJyRJlcvy1oYxbVN1kn7xHBuXQkWsUc7e6e643OiqdIqrhUXHp-jMos9_Dm8XiISEZcaK6sxVC4RoWHzqXwld_EURKdup5XZv--4-cVmGxzygBPaQM7ypEsiUJyudWqMb3ELwA1JKzire3aeK8E5cOv_-J--e5Mxhcy7noqlUg_a3JVQx5NuxBQ5n8BEhl6eYBS2jmCTKXT9dE6aWootJCsmQNh02yWgUBwYr8MXT1N9oPDXesGsh8ejOI-HhRzdTftzpU1ALzBegKctFj9.8uf1KUwPJQN19kPJNZ-y1w",
    "token_type": "bearer",
    "x_refresh_token_expires_in": 8726400,
    "refresh_token": "AB11699697622DIJLHRItIX2Ly2aUe1t37acaakl6MOshBqwbw",
    "expires_in": 3600
  },
  "intuit_tid": "1-64ca2c56-752be9a5241fc718581bea91"
}
2023-08-03T11:04:02.644Z info: Create Token response is : {
  "token": {
    "realmId": "4620816365307457590",
    "token_type": "bearer",
    "access_token": "eyJlbmMiOiJBMTI4Q0JDLUhTMjU2IiwiYWxnIjoiZGlyIn0..QvTUzQTOzAxBM7XtahcwVA.DeZ4AS90f0wf4raZqKeff9RUHCKtkzxLbO9gB1KVxVSpDVIE_GMqrXFu0Q2YudsSlM5Fy7Use0npjXMeyRKujzEq6A7t94HogF0HENHgwDbQKk2-Y0QwDa3JS9k7BAFWhkpq3HfA7pEo8h59biJ1jZe9CBCKCO9Sk3Q-Sw4zdpkpQIM2x2Gyjia07ZZPHKYaM-lE1IJpxyqvAkcAXr-P5rgSULwpkdFi_vpRHKMfTuuzOZp5rhGKZiIwv7mZNyEZ5CVFEGCZ4mtPRrIKGdiwXHIMCzGAOhDZp5WcWBXSEKBhX-UyBwDHDDFuWqPc3Ct12XkIJKi27wVAmJtlas4-BYYovNqOzfdvTLG6jcH4Xf7XLj16y9Xuf_x60YEPTzM33EJTNU0tjkeWVpmWLNY67W82x1N7Qik1kTneK9vQ1eGrBqJZH13pu94nYrUDOVtBZWFJOSYZf1bo99MGZskAJU7pBYw7Ym0oYjpMtUb7xiIw7uGsYFKc-d5Y2UjguZRxt17KAPVlsGB-ZtCKsqI8BeIAtM9Otar0mhjoxWnZNn_coviUVuwHfjx12c7wWwKX34TydRxGeBN3y8UYhKK0Hcm5Thu1UepxCRVWugesonWIw6SK3ZG40KXCvK5QZUR1AYa2aZ5img5P6TGj2ZreZakZNnl3EnwxoHYkKz-g0_wBDpVJDGbTR-ZoMaTE8dHZeRGwZkOG8mAirgR634PR7lKoH2TgIcbYZQSKu360P7SSb5nX7St_2xIszaVWmkXt.pbZAqW7afyU6eWxEbRp96Q",
    "refresh_token": "AB11699787041akIAZ6QBW2WXuRWcMkcS780JZJ45if0CEYfKx",
    "expires_in": 3600,
    "x_refresh_token_expires_in": 8726400,
    "id_token": "",
    "latency": 60000,
    "createdAt": 1691060642643,
    "state": "5f0713f1-578c-479b-814d-d36150f4e3e9"
  },
  "response": {
    "url": "https://oauth.platform.intuit.com/oauth2/v1/tokens/bearer",
    "headers": {
      "date": "Thu, 03 Aug 2023 11:04:01 GMT",
      "content-type": "application/json;charset=utf-8",
      "content-length": "1028",
      "connection": "close",
      "x-spanid": "19f7bb99-5ada-f747-9cfa-25ea14c025bb",
      "x-amzn-trace-id": "Root=1-64cb89a1-1fb587a725104c600358acb8",
      "x-content-type-options": "nosniff",
      "server": "istio-envoy",
      "cache-control": "no-cache, no-store",
      "pragma": "no-cache",
      "x-frame-options": "SAMEORIGIN",
      "x-xss-protection": "1; mode=block",
      "x-envoy-upstream-service-time": "19",
      "strict-transport-security": "max-age=31536000",
      "intuit_tid": "1-64cb89a1-1fb587a725104c600358acb8",
      "x-request-id": "1-64cb89a1-1fb587a725104c600358acb8",
      "x-envoy-decorator-operation": "usw2-prd-id06-intuit-gateway-active-service.services-gateway-apigwid-usw2-prd-id06.svc.cluster.local:7000/*"
    },
    "body": "{\"access_token\":\"eyJlbmMiOiJBMTI4Q0JDLUhTMjU2IiwiYWxnIjoiZGlyIn0..QvTUzQTOzAxBM7XtahcwVA.DeZ4AS90f0wf4raZqKeff9RUHCKtkzxLbO9gB1KVxVSpDVIE_GMqrXFu0Q2YudsSlM5Fy7Use0npjXMeyRKujzEq6A7t94HogF0HENHgwDbQKk2-Y0QwDa3JS9k7BAFWhkpq3HfA7pEo8h59biJ1jZe9CBCKCO9Sk3Q-Sw4zdpkpQIM2x2Gyjia07ZZPHKYaM-lE1IJpxyqvAkcAXr-P5rgSULwpkdFi_vpRHKMfTuuzOZp5rhGKZiIwv7mZNyEZ5CVFEGCZ4mtPRrIKGdiwXHIMCzGAOhDZp5WcWBXSEKBhX-UyBwDHDDFuWqPc3Ct12XkIJKi27wVAmJtlas4-BYYovNqOzfdvTLG6jcH4Xf7XLj16y9Xuf_x60YEPTzM33EJTNU0tjkeWVpmWLNY67W82x1N7Qik1kTneK9vQ1eGrBqJZH13pu94nYrUDOVtBZWFJOSYZf1bo99MGZskAJU7pBYw7Ym0oYjpMtUb7xiIw7uGsYFKc-d5Y2UjguZRxt17KAPVlsGB-ZtCKsqI8BeIAtM9Otar0mhjoxWnZNn_coviUVuwHfjx12c7wWwKX34TydRxGeBN3y8UYhKK0Hcm5Thu1UepxCRVWugesonWIw6SK3ZG40KXCvK5QZUR1AYa2aZ5img5P6TGj2ZreZakZNnl3EnwxoHYkKz-g0_wBDpVJDGbTR-ZoMaTE8dHZeRGwZkOG8mAirgR634PR7lKoH2TgIcbYZQSKu360P7SSb5nX7St_2xIszaVWmkXt.pbZAqW7afyU6eWxEbRp96Q\",\"token_type\":\"bearer\",\"x_refresh_token_expires_in\":8726400,\"refresh_token\":\"AB11699787041akIAZ6QBW2WXuRWcMkcS780JZJ45if0CEYfKx\",\"expires_in\":3600}",
    "status": 200,
    "statusText": "OK"
  },
  "body": "{\"access_token\":\"eyJlbmMiOiJBMTI4Q0JDLUhTMjU2IiwiYWxnIjoiZGlyIn0..QvTUzQTOzAxBM7XtahcwVA.DeZ4AS90f0wf4raZqKeff9RUHCKtkzxLbO9gB1KVxVSpDVIE_GMqrXFu0Q2YudsSlM5Fy7Use0npjXMeyRKujzEq6A7t94HogF0HENHgwDbQKk2-Y0QwDa3JS9k7BAFWhkpq3HfA7pEo8h59biJ1jZe9CBCKCO9Sk3Q-Sw4zdpkpQIM2x2Gyjia07ZZPHKYaM-lE1IJpxyqvAkcAXr-P5rgSULwpkdFi_vpRHKMfTuuzOZp5rhGKZiIwv7mZNyEZ5CVFEGCZ4mtPRrIKGdiwXHIMCzGAOhDZp5WcWBXSEKBhX-UyBwDHDDFuWqPc3Ct12XkIJKi27wVAmJtlas4-BYYovNqOzfdvTLG6jcH4Xf7XLj16y9Xuf_x60YEPTzM33EJTNU0tjkeWVpmWLNY67W82x1N7Qik1kTneK9vQ1eGrBqJZH13pu94nYrUDOVtBZWFJOSYZf1bo99MGZskAJU7pBYw7Ym0oYjpMtUb7xiIw7uGsYFKc-d5Y2UjguZRxt17KAPVlsGB-ZtCKsqI8BeIAtM9Otar0mhjoxWnZNn_coviUVuwHfjx12c7wWwKX34TydRxGeBN3y8UYhKK0Hcm5Thu1UepxCRVWugesonWIw6SK3ZG40KXCvK5QZUR1AYa2aZ5img5P6TGj2ZreZakZNnl3EnwxoHYkKz-g0_wBDpVJDGbTR-ZoMaTE8dHZeRGwZkOG8mAirgR634PR7lKoH2TgIcbYZQSKu360P7SSb5nX7St_2xIszaVWmkXt.pbZAqW7afyU6eWxEbRp96Q\",\"token_type\":\"bearer\",\"x_refresh_token_expires_in\":8726400,\"refresh_token\":\"AB11699787041akIAZ6QBW2WXuRWcMkcS780JZJ45if0CEYfKx\",\"expires_in\":3600}",
  "json": {
    "access_token": "eyJlbmMiOiJBMTI4Q0JDLUhTMjU2IiwiYWxnIjoiZGlyIn0..QvTUzQTOzAxBM7XtahcwVA.DeZ4AS90f0wf4raZqKeff9RUHCKtkzxLbO9gB1KVxVSpDVIE_GMqrXFu0Q2YudsSlM5Fy7Use0npjXMeyRKujzEq6A7t94HogF0HENHgwDbQKk2-Y0QwDa3JS9k7BAFWhkpq3HfA7pEo8h59biJ1jZe9CBCKCO9Sk3Q-Sw4zdpkpQIM2x2Gyjia07ZZPHKYaM-lE1IJpxyqvAkcAXr-P5rgSULwpkdFi_vpRHKMfTuuzOZp5rhGKZiIwv7mZNyEZ5CVFEGCZ4mtPRrIKGdiwXHIMCzGAOhDZp5WcWBXSEKBhX-UyBwDHDDFuWqPc3Ct12XkIJKi27wVAmJtlas4-BYYovNqOzfdvTLG6jcH4Xf7XLj16y9Xuf_x60YEPTzM33EJTNU0tjkeWVpmWLNY67W82x1N7Qik1kTneK9vQ1eGrBqJZH13pu94nYrUDOVtBZWFJOSYZf1bo99MGZskAJU7pBYw7Ym0oYjpMtUb7xiIw7uGsYFKc-d5Y2UjguZRxt17KAPVlsGB-ZtCKsqI8BeIAtM9Otar0mhjoxWnZNn_coviUVuwHfjx12c7wWwKX34TydRxGeBN3y8UYhKK0Hcm5Thu1UepxCRVWugesonWIw6SK3ZG40KXCvK5QZUR1AYa2aZ5img5P6TGj2ZreZakZNnl3EnwxoHYkKz-g0_wBDpVJDGbTR-ZoMaTE8dHZeRGwZkOG8mAirgR634PR7lKoH2TgIcbYZQSKu360P7SSb5nX7St_2xIszaVWmkXt.pbZAqW7afyU6eWxEbRp96Q",
    "token_type": "bearer",
    "x_refresh_token_expires_in": 8726400,
    "refresh_token": "AB11699787041akIAZ6QBW2WXuRWcMkcS780JZJ45if0CEYfKx",
    "expires_in": 3600
  },
  "intuit_tid": "1-64cb89a1-1fb587a725104c600358acb8"
}
2023-08-03T11:04:40.271Z error: Create Token () threw an exception : {
  "authResponse": {
    "token": {
      "realmId": "4620816365307457590",
      "token_type": "",
      "access_token": "",
      "refresh_token": "",
      "expires_in": 0,
      "x_refresh_token_expires_in": 0,
      "id_token": "",
      "latency": 60000,
      "createdAt": 1691060678646,
      "state": "5f0713f1-578c-479b-814d-d36150f4e3e9"
    },
    "response": {
      "url": "https://oauth.platform.intuit.com/oauth2/v1/tokens/bearer",
      "headers": {
        "date": "Thu, 03 Aug 2023 11:04:39 GMT",
        "content-type": "application/json;charset=utf-8",
        "content-length": "76",
        "connection": "close",
        "x-spanid": "c05d373e-5d21-8788-d306-608faedc4bcd",
        "x-amzn-trace-id": "Root=1-64cb89c7-21598607084cc28d69d5c518",
        "x-content-type-options": "nosniff",
        "server": "istio-envoy",
        "cache-control": "no-cache, no-store",
        "pragma": "no-cache",
        "x-envoy-upstream-service-time": "15",
        "strict-transport-security": "max-age=31536000",
        "intuit_tid": "1-64cb89c7-21598607084cc28d69d5c518",
        "x-request-id": "1-64cb89c7-21598607084cc28d69d5c518",
        "x-envoy-decorator-operation": "usw2-prd-id06-intuit-gateway-active-service.services-gateway-apigwid-usw2-prd-id06.svc.cluster.local:7000/*"
      },
      "body": "{\"error_description\":\"Authorization code incorrect\",\"error\":\"invalid_grant\"}",
      "status": 400,
      "statusText": "Bad Request"
    },
    "body": "{\"error_description\":\"Authorization code incorrect\",\"error\":\"invalid_grant\"}",
    "json": {
      "error_description": "Authorization code incorrect",
      "error": "invalid_grant"
    },
    "intuit_tid": "1-64cb89c7-21598607084cc28d69d5c518"
  },
  "originalMessage": "Response has an Error",
  "error": "invalid_grant",
  "error_description": "Authorization code incorrect",
  "intuit_tid": "1-64cb89c7-21598607084cc28d69d5c518"
}
2023-08-03T11:07:33.482Z info: Create Token response is : {
  "token": {
    "realmId": "4620816365307457590",
    "token_type": "bearer",
    "access_token": "eyJlbmMiOiJBMTI4Q0JDLUhTMjU2IiwiYWxnIjoiZGlyIn0..tX53Tk4j7ew3heoaKUbAPQ.d_zYsFqJl6fnQFrqx73sGE59JdPODfv9j0PjzRDRxymh2n2-5Mec7I2-8oS1oJJJoQwGKHtYgas60ZdcQwwdL7nmrfAgV2t27xu9PUPL9NIyYlfJrqd2HZ1ci6dze-KcO-NKjokt2aeOx2bRVM6SF8-De8KTv9GIjscFbjUHBwxBmqlJ934xOf6DEoNdkJ95Ow9TFs8OArz529wORA-MKrbeiLttxD6BueteuPbVQExEeInJa39KQt6qnFkI5djr9mCSaTvJNK3zAiiMMy2ouNxu6WaY2gUYEBlrbB1JCE_DjAVCdkD98fS8z17LHQCaL_umHEPtt9lblAvFd0m747LbHyyZ-ytTYMnXSy2PQhJIcuZ6qxxpgF0KQ6Fj1DucerkcwH339Q1FT-gfmLvfzPysAqrrslnsNpAMQlD2i6jyufKN9psDFXNIzTRzxL4AaR0_5kVfJWitJlSg8KnA-FRQx9P-WYk9Q-spITS5Qs2v47M55bN9lwO1Cs-lofF3AvrkIBzjwfdNhFiJLbUaNbEYpWmGEC5uU6mwysUaW0gNJxyWNt87hxmhEgoh7D6hozUGMZCBGP4IqxavDfbwnQ1r7eqZH7sGgz_DO7QNQimlfHS7ODxnGpGKA_4wq6DmoE2qKfgjlJ5_S5Lfuxlw87_8ShtC-4pAdOmJO62kRC7k5h8-JROnKUzP4aooJ1xvXofylNy9OSnjuq09-H48qTtj7JHaiqdfUnSdaZGo6ZkR7zC4VdNT0zJYmvvLeyWZ.jX98JRghXV6H-6hYc2ZHYw",
    "refresh_token": "AB11699787252hai7RKT0eHoAhFhK5Ns0GqG99f3IaV38gKp4D",
    "expires_in": 3600,
    "x_refresh_token_expires_in": 8726400,
    "id_token": "",
    "latency": 60000,
    "createdAt": 1691060853481,
    "state": "f492f3a7-7707-441d-8ae8-76b0f0efa3ed"
  },
  "response": {
    "url": "https://oauth.platform.intuit.com/oauth2/v1/tokens/bearer",
    "headers": {
      "date": "Thu, 03 Aug 2023 11:07:32 GMT",
      "content-type": "application/json;charset=utf-8",
      "content-length": "1028",
      "connection": "close",
      "x-spanid": "6c8f2228-fef4-8ef0-9ad6-ad119dd18d08",
      "x-amzn-trace-id": "Root=1-64cb8a74-2df3b40f2e89c71c131e0399",
      "x-content-type-options": "nosniff",
      "server": "istio-envoy",
      "cache-control": "no-cache, no-store",
      "pragma": "no-cache",
      "x-frame-options": "SAMEORIGIN",
      "x-xss-protection": "1; mode=block",
      "x-envoy-upstream-service-time": "25",
      "strict-transport-security": "max-age=31536000",
      "intuit_tid": "1-64cb8a74-2df3b40f2e89c71c131e0399",
      "x-request-id": "1-64cb8a74-2df3b40f2e89c71c131e0399",
      "x-envoy-decorator-operation": "usw2-prd-id06-intuit-gateway-active-service.services-gateway-apigwid-usw2-prd-id06.svc.cluster.local:7000/*"
    },
    "body": "{\"x_refresh_token_expires_in\":8726400,\"access_token\":\"eyJlbmMiOiJBMTI4Q0JDLUhTMjU2IiwiYWxnIjoiZGlyIn0..tX53Tk4j7ew3heoaKUbAPQ.d_zYsFqJl6fnQFrqx73sGE59JdPODfv9j0PjzRDRxymh2n2-5Mec7I2-8oS1oJJJoQwGKHtYgas60ZdcQwwdL7nmrfAgV2t27xu9PUPL9NIyYlfJrqd2HZ1ci6dze-KcO-NKjokt2aeOx2bRVM6SF8-De8KTv9GIjscFbjUHBwxBmqlJ934xOf6DEoNdkJ95Ow9TFs8OArz529wORA-MKrbeiLttxD6BueteuPbVQExEeInJa39KQt6qnFkI5djr9mCSaTvJNK3zAiiMMy2ouNxu6WaY2gUYEBlrbB1JCE_DjAVCdkD98fS8z17LHQCaL_umHEPtt9lblAvFd0m747LbHyyZ-ytTYMnXSy2PQhJIcuZ6qxxpgF0KQ6Fj1DucerkcwH339Q1FT-gfmLvfzPysAqrrslnsNpAMQlD2i6jyufKN9psDFXNIzTRzxL4AaR0_5kVfJWitJlSg8KnA-FRQx9P-WYk9Q-spITS5Qs2v47M55bN9lwO1Cs-lofF3AvrkIBzjwfdNhFiJLbUaNbEYpWmGEC5uU6mwysUaW0gNJxyWNt87hxmhEgoh7D6hozUGMZCBGP4IqxavDfbwnQ1r7eqZH7sGgz_DO7QNQimlfHS7ODxnGpGKA_4wq6DmoE2qKfgjlJ5_S5Lfuxlw87_8ShtC-4pAdOmJO62kRC7k5h8-JROnKUzP4aooJ1xvXofylNy9OSnjuq09-H48qTtj7JHaiqdfUnSdaZGo6ZkR7zC4VdNT0zJYmvvLeyWZ.jX98JRghXV6H-6hYc2ZHYw\",\"token_type\":\"bearer\",\"refresh_token\":\"AB11699787252hai7RKT0eHoAhFhK5Ns0GqG99f3IaV38gKp4D\",\"expires_in\":3600}",
    "status": 200,
    "statusText": "OK"
  },
  "body": "{\"x_refresh_token_expires_in\":8726400,\"access_token\":\"eyJlbmMiOiJBMTI4Q0JDLUhTMjU2IiwiYWxnIjoiZGlyIn0..tX53Tk4j7ew3heoaKUbAPQ.d_zYsFqJl6fnQFrqx73sGE59JdPODfv9j0PjzRDRxymh2n2-5Mec7I2-8oS1oJJJoQwGKHtYgas60ZdcQwwdL7nmrfAgV2t27xu9PUPL9NIyYlfJrqd2HZ1ci6dze-KcO-NKjokt2aeOx2bRVM6SF8-De8KTv9GIjscFbjUHBwxBmqlJ934xOf6DEoNdkJ95Ow9TFs8OArz529wORA-MKrbeiLttxD6BueteuPbVQExEeInJa39KQt6qnFkI5djr9mCSaTvJNK3zAiiMMy2ouNxu6WaY2gUYEBlrbB1JCE_DjAVCdkD98fS8z17LHQCaL_umHEPtt9lblAvFd0m747LbHyyZ-ytTYMnXSy2PQhJIcuZ6qxxpgF0KQ6Fj1DucerkcwH339Q1FT-gfmLvfzPysAqrrslnsNpAMQlD2i6jyufKN9psDFXNIzTRzxL4AaR0_5kVfJWitJlSg8KnA-FRQx9P-WYk9Q-spITS5Qs2v47M55bN9lwO1Cs-lofF3AvrkIBzjwfdNhFiJLbUaNbEYpWmGEC5uU6mwysUaW0gNJxyWNt87hxmhEgoh7D6hozUGMZCBGP4IqxavDfbwnQ1r7eqZH7sGgz_DO7QNQimlfHS7ODxnGpGKA_4wq6DmoE2qKfgjlJ5_S5Lfuxlw87_8ShtC-4pAdOmJO62kRC7k5h8-JROnKUzP4aooJ1xvXofylNy9OSnjuq09-H48qTtj7JHaiqdfUnSdaZGo6ZkR7zC4VdNT0zJYmvvLeyWZ.jX98JRghXV6H-6hYc2ZHYw\",\"token_type\":\"bearer\",\"refresh_token\":\"AB11699787252hai7RKT0eHoAhFhK5Ns0GqG99f3IaV38gKp4D\",\"expires_in\":3600}",
  "json": {
    "x_refresh_token_expires_in": 8726400,
    "access_token": "eyJlbmMiOiJBMTI4Q0JDLUhTMjU2IiwiYWxnIjoiZGlyIn0..tX53Tk4j7ew3heoaKUbAPQ.d_zYsFqJl6fnQFrqx73sGE59JdPODfv9j0PjzRDRxymh2n2-5Mec7I2-8oS1oJJJoQwGKHtYgas60ZdcQwwdL7nmrfAgV2t27xu9PUPL9NIyYlfJrqd2HZ1ci6dze-KcO-NKjokt2aeOx2bRVM6SF8-De8KTv9GIjscFbjUHBwxBmqlJ934xOf6DEoNdkJ95Ow9TFs8OArz529wORA-MKrbeiLttxD6BueteuPbVQExEeInJa39KQt6qnFkI5djr9mCSaTvJNK3zAiiMMy2ouNxu6WaY2gUYEBlrbB1JCE_DjAVCdkD98fS8z17LHQCaL_umHEPtt9lblAvFd0m747LbHyyZ-ytTYMnXSy2PQhJIcuZ6qxxpgF0KQ6Fj1DucerkcwH339Q1FT-gfmLvfzPysAqrrslnsNpAMQlD2i6jyufKN9psDFXNIzTRzxL4AaR0_5kVfJWitJlSg8KnA-FRQx9P-WYk9Q-spITS5Qs2v47M55bN9lwO1Cs-lofF3AvrkIBzjwfdNhFiJLbUaNbEYpWmGEC5uU6mwysUaW0gNJxyWNt87hxmhEgoh7D6hozUGMZCBGP4IqxavDfbwnQ1r7eqZH7sGgz_DO7QNQimlfHS7ODxnGpGKA_4wq6DmoE2qKfgjlJ5_S5Lfuxlw87_8ShtC-4pAdOmJO62kRC7k5h8-JROnKUzP4aooJ1xvXofylNy9OSnjuq09-H48qTtj7JHaiqdfUnSdaZGo6ZkR7zC4VdNT0zJYmvvLeyWZ.jX98JRghXV6H-6hYc2ZHYw",
    "token_type": "bearer",
    "refresh_token": "AB11699787252hai7RKT0eHoAhFhK5Ns0GqG99f3IaV38gKp4D",
    "expires_in": 3600
  },
  "intuit_tid": "1-64cb8a74-2df3b40f2e89c71c131e0399"
}
2023-08-03T11:10:11.167Z info: Create Token response is : {
  "token": {
    "realmId": "4620816365307457590",
    "token_type": "bearer",
    "access_token": "eyJlbmMiOiJBMTI4Q0JDLUhTMjU2IiwiYWxnIjoiZGlyIn0..YtQe_lUPP3UnCq77zDlBcg.v1NcaNm_eC-DSymTaQaWIFnCiDmTLrpnTl5KD6Hj5UM-NeMI6W9VVPviSgW_LRP5ujFzRm_3CQcuW8rdtZh9kSKxWh5LZXElNeJfdi8CMQ_C9jnbefemIVajv4--zKB_mGyl51QrooXrsjyJG2BsHhUNknL9Oqv9MiB5o4hSr6HgC166V7Ef0gqKq9W7gbkU0JI8iliD5gYcHVKPxZmCHljK-4TcDM6v1hQVc35PxxcMoYNDteL9ImM98z9uhTD1wFTnpWacV_0AHBmq33_cMh65PrNLm7v2PpcXRnojcDnrQpFVDrubMh-D8Qp8g5E7STn7GsaXkEAM-72n5QjhiJIDU0cUek9-zEUzxAHvRuemtBdeMuC7HczYMyoSrrCC6PyDKdl5-3fk4YC5TJMQDFtKBdeZdkug7z5nnsEdenzmr5KaZiZOIUcJQY5z4RbMUFzCP4z_W6xheSZfBdmoc-f7QWbI0F30BywdkVPdVyvJ_2Xrx0Un4r0CQ7QBnUnm_fcxEZNcFpowkVmvN3zYsq79sieXTUtEa1OJr5luNKWow19YnipqhajYzyz_C8aMXdYG7J1pWVRheoubJAoNeU7pIJVCj30nBaBCxocDw4OqAlVMC_zQMPurxLaxMXitZTlg8b2fDZeogxkq6kSL2AXBqYwKoHmLVBuzeFzucnBaPq9hU8dqqIQsXRd8WmH4UoQqTWx4EwcRuDMho4iUVrAubH6EZGXXFHvYgcvk4QUMLCtaAO3UrtYCY7JXwAQK.mvI2FGenc1ptedS5eXE2Cw",
    "refresh_token": "AB11699787410XG8F94UOqwgvKXc8wfwLW9ZBkwINNJiliT4br",
    "expires_in": 3600,
    "x_refresh_token_expires_in": 8726400,
    "id_token": "",
    "latency": 60000,
    "createdAt": 1691061011166,
    "state": "8d3df775-fe10-4eb5-a1fd-789fa7aa9077"
  },
  "response": {
    "url": "https://oauth.platform.intuit.com/oauth2/v1/tokens/bearer",
    "headers": {
      "date": "Thu, 03 Aug 2023 11:10:10 GMT",
      "content-type": "application/json;charset=utf-8",
      "content-length": "1028",
      "connection": "close",
      "x-spanid": "9440faa4-e177-60ed-0d77-3ce1b5f5a545",
      "x-amzn-trace-id": "Root=1-64cb8b12-7fe0dd6a448a12fd74d95615",
      "x-content-type-options": "nosniff",
      "server": "istio-envoy",
      "cache-control": "no-cache, no-store",
      "pragma": "no-cache",
      "x-frame-options": "SAMEORIGIN",
      "x-xss-protection": "1; mode=block",
      "x-envoy-upstream-service-time": "34",
      "strict-transport-security": "max-age=31536000",
      "intuit_tid": "1-64cb8b12-7fe0dd6a448a12fd74d95615",
      "x-request-id": "1-64cb8b12-7fe0dd6a448a12fd74d95615",
      "x-envoy-decorator-operation": "usw2-prd-id06-intuit-gateway-active-service.services-gateway-apigwid-usw2-prd-id06.svc.cluster.local:7000/*"
    },
    "body": "{\"access_token\":\"eyJlbmMiOiJBMTI4Q0JDLUhTMjU2IiwiYWxnIjoiZGlyIn0..YtQe_lUPP3UnCq77zDlBcg.v1NcaNm_eC-DSymTaQaWIFnCiDmTLrpnTl5KD6Hj5UM-NeMI6W9VVPviSgW_LRP5ujFzRm_3CQcuW8rdtZh9kSKxWh5LZXElNeJfdi8CMQ_C9jnbefemIVajv4--zKB_mGyl51QrooXrsjyJG2BsHhUNknL9Oqv9MiB5o4hSr6HgC166V7Ef0gqKq9W7gbkU0JI8iliD5gYcHVKPxZmCHljK-4TcDM6v1hQVc35PxxcMoYNDteL9ImM98z9uhTD1wFTnpWacV_0AHBmq33_cMh65PrNLm7v2PpcXRnojcDnrQpFVDrubMh-D8Qp8g5E7STn7GsaXkEAM-72n5QjhiJIDU0cUek9-zEUzxAHvRuemtBdeMuC7HczYMyoSrrCC6PyDKdl5-3fk4YC5TJMQDFtKBdeZdkug7z5nnsEdenzmr5KaZiZOIUcJQY5z4RbMUFzCP4z_W6xheSZfBdmoc-f7QWbI0F30BywdkVPdVyvJ_2Xrx0Un4r0CQ7QBnUnm_fcxEZNcFpowkVmvN3zYsq79sieXTUtEa1OJr5luNKWow19YnipqhajYzyz_C8aMXdYG7J1pWVRheoubJAoNeU7pIJVCj30nBaBCxocDw4OqAlVMC_zQMPurxLaxMXitZTlg8b2fDZeogxkq6kSL2AXBqYwKoHmLVBuzeFzucnBaPq9hU8dqqIQsXRd8WmH4UoQqTWx4EwcRuDMho4iUVrAubH6EZGXXFHvYgcvk4QUMLCtaAO3UrtYCY7JXwAQK.mvI2FGenc1ptedS5eXE2Cw\",\"token_type\":\"bearer\",\"x_refresh_token_expires_in\":8726400,\"refresh_token\":\"AB11699787410XG8F94UOqwgvKXc8wfwLW9ZBkwINNJiliT4br\",\"expires_in\":3600}",
    "status": 200,
    "statusText": "OK"
  },
  "body": "{\"access_token\":\"eyJlbmMiOiJBMTI4Q0JDLUhTMjU2IiwiYWxnIjoiZGlyIn0..YtQe_lUPP3UnCq77zDlBcg.v1NcaNm_eC-DSymTaQaWIFnCiDmTLrpnTl5KD6Hj5UM-NeMI6W9VVPviSgW_LRP5ujFzRm_3CQcuW8rdtZh9kSKxWh5LZXElNeJfdi8CMQ_C9jnbefemIVajv4--zKB_mGyl51QrooXrsjyJG2BsHhUNknL9Oqv9MiB5o4hSr6HgC166V7Ef0gqKq9W7gbkU0JI8iliD5gYcHVKPxZmCHljK-4TcDM6v1hQVc35PxxcMoYNDteL9ImM98z9uhTD1wFTnpWacV_0AHBmq33_cMh65PrNLm7v2PpcXRnojcDnrQpFVDrubMh-D8Qp8g5E7STn7GsaXkEAM-72n5QjhiJIDU0cUek9-zEUzxAHvRuemtBdeMuC7HczYMyoSrrCC6PyDKdl5-3fk4YC5TJMQDFtKBdeZdkug7z5nnsEdenzmr5KaZiZOIUcJQY5z4RbMUFzCP4z_W6xheSZfBdmoc-f7QWbI0F30BywdkVPdVyvJ_2Xrx0Un4r0CQ7QBnUnm_fcxEZNcFpowkVmvN3zYsq79sieXTUtEa1OJr5luNKWow19YnipqhajYzyz_C8aMXdYG7J1pWVRheoubJAoNeU7pIJVCj30nBaBCxocDw4OqAlVMC_zQMPurxLaxMXitZTlg8b2fDZeogxkq6kSL2AXBqYwKoHmLVBuzeFzucnBaPq9hU8dqqIQsXRd8WmH4UoQqTWx4EwcRuDMho4iUVrAubH6EZGXXFHvYgcvk4QUMLCtaAO3UrtYCY7JXwAQK.mvI2FGenc1ptedS5eXE2Cw\",\"token_type\":\"bearer\",\"x_refresh_token_expires_in\":8726400,\"refresh_token\":\"AB11699787410XG8F94UOqwgvKXc8wfwLW9ZBkwINNJiliT4br\",\"expires_in\":3600}",
  "json": {
    "access_token": "eyJlbmMiOiJBMTI4Q0JDLUhTMjU2IiwiYWxnIjoiZGlyIn0..YtQe_lUPP3UnCq77zDlBcg.v1NcaNm_eC-DSymTaQaWIFnCiDmTLrpnTl5KD6Hj5UM-NeMI6W9VVPviSgW_LRP5ujFzRm_3CQcuW8rdtZh9kSKxWh5LZXElNeJfdi8CMQ_C9jnbefemIVajv4--zKB_mGyl51QrooXrsjyJG2BsHhUNknL9Oqv9MiB5o4hSr6HgC166V7Ef0gqKq9W7gbkU0JI8iliD5gYcHVKPxZmCHljK-4TcDM6v1hQVc35PxxcMoYNDteL9ImM98z9uhTD1wFTnpWacV_0AHBmq33_cMh65PrNLm7v2PpcXRnojcDnrQpFVDrubMh-D8Qp8g5E7STn7GsaXkEAM-72n5QjhiJIDU0cUek9-zEUzxAHvRuemtBdeMuC7HczYMyoSrrCC6PyDKdl5-3fk4YC5TJMQDFtKBdeZdkug7z5nnsEdenzmr5KaZiZOIUcJQY5z4RbMUFzCP4z_W6xheSZfBdmoc-f7QWbI0F30BywdkVPdVyvJ_2Xrx0Un4r0CQ7QBnUnm_fcxEZNcFpowkVmvN3zYsq79sieXTUtEa1OJr5luNKWow19YnipqhajYzyz_C8aMXdYG7J1pWVRheoubJAoNeU7pIJVCj30nBaBCxocDw4OqAlVMC_zQMPurxLaxMXitZTlg8b2fDZeogxkq6kSL2AXBqYwKoHmLVBuzeFzucnBaPq9hU8dqqIQsXRd8WmH4UoQqTWx4EwcRuDMho4iUVrAubH6EZGXXFHvYgcvk4QUMLCtaAO3UrtYCY7JXwAQK.mvI2FGenc1ptedS5eXE2Cw",
    "token_type": "bearer",
    "x_refresh_token_expires_in": 8726400,
    "refresh_token": "AB11699787410XG8F94UOqwgvKXc8wfwLW9ZBkwINNJiliT4br",
    "expires_in": 3600
  },
  "intuit_tid": "1-64cb8b12-7fe0dd6a448a12fd74d95615"
}
2023-08-03T11:20:43.955Z error: Refresh Token () threw an exception : {}
2023-08-03T11:21:57.997Z error: Refresh Token () threw an exception : {}
2023-08-03T11:21:59.275Z error: Refresh Token () threw an exception : {}
2023-08-03T11:24:07.550Z error: Refresh Token () threw an exception : {
  "authResponse": {
    "token": {
      "realmId": "",
      "token_type": "",
      "access_token": "",
      "refresh_token": "",
      "expires_in": 0,
      "x_refresh_token_expires_in": 0,
      "id_token": "",
      "latency": 60000,
      "createdAt": 1691061846011
    },
    "response": {
      "url": "https://oauth.platform.intuit.com/oauth2/v1/tokens/bearer",
      "headers": {
        "date": "Thu, 03 Aug 2023 11:24:06 GMT",
        "content-type": "application/json;charset=utf-8",
        "content-length": "25",
        "connection": "close",
        "x-spanid": "d1e2ad71-81a3-65a5-d2b1-16414fbb70d6",
        "x-amzn-trace-id": "Root=1-64cb8e56-4487501a31280ee314d0d348",
        "x-content-type-options": "nosniff",
        "server": "istio-envoy",
        "cache-control": "no-cache, no-store",
        "pragma": "no-cache",
        "x-envoy-upstream-service-time": "13",
        "strict-transport-security": "max-age=31536000",
        "intuit_tid": "1-64cb8e56-4487501a31280ee314d0d348",
        "x-request-id": "1-64cb8e56-4487501a31280ee314d0d348",
        "x-envoy-decorator-operation": "usw2-prd-id06-intuit-gateway-active-service.services-gateway-apigwid-usw2-prd-id06.svc.cluster.local:7000/*"
      },
      "body": "{\"error\":\"invalid_grant\"}",
      "status": 400,
      "statusText": "Bad Request"
    },
    "body": "{\"error\":\"invalid_grant\"}",
    "json": {
      "error": "invalid_grant"
    },
    "intuit_tid": "1-64cb8e56-4487501a31280ee314d0d348"
  },
  "originalMessage": "Response has an Error",
  "error": "invalid_grant",
  "error_description": "Bad Request",
  "intuit_tid": "1-64cb8e56-4487501a31280ee314d0d348"
}
2023-08-03T11:29:46.821Z info: Refresh usingToken () response is : {
  "token": {
    "realmId": "",
    "token_type": "bearer",
    "access_token": "eyJlbmMiOiJBMTI4Q0JDLUhTMjU2IiwiYWxnIjoiZGlyIn0..oveujAV2I_aztkRVwm3p0A.C2-MmaW-064HCxxxx1irlfszhpP0zMHbQuS2vK9FK56jUQuCdemGfZj8rgDT1NQOWuRXgjQ3WLk8PVfkCKD_V7vr9Orrq114Ypbd0YL7hBOJae72Emx6Al56LQm-HvhCGry-ShCSwFHBRv2LovzOy-q0d4WkYJ7HDezO3S0Uj1L_x1Rcw7SOFM6BpK-agG461QbU_dgUNIDb_ud89Dl3zkziwfiuXKB5UseEPDbaOCmC8ez_lCn7tlRRYzdBYNVCn9o62sORBYk-SRqUZ7o_2kw2TYIZqm14ViiZCu8LOat6fyH6OSoBnbO-M3tdIgCntWAeGupVUK6YTt72clEPq1012BJvZcv8XC2cw-3240-T7fQF7kgoYfvjLdVNN196HFUhnk9Kd2g1OQaVE88dwn6dn-pY63eWpQJw_z7nXES4bEimt5hkzPwhtmxyufm7WO_KlICFJsn47DK7P06TB5ehdJ0l4lPppKS3n_E3RLbpnYG3dcT3C3CPubvm6aTi_S2xmyYTbv8xCXxF558yva0yFDoQW1MhQrIKp01KCJJPe1n2rApaP8cwlyx9CBWGMMRe7Y1xj6lKgTMZu4D5l1T0-kU62_jaVOTbsTq1lXATFPnFzPIVV1TpbtBckFk-zxOlqHYoBWbUx9Ez0jc8LLa1NZgs3HIyqlhKhtNZMp16OUruXoWEhpkwadtLWIuaDqWGhli0M3J6EI7uZXApeGW98ftBBtpWDWxh-RaTI1MGUF55S4jiXM5An7ovOVHv.4Rw72NbvyOIQfvWufE7cIA",
    "refresh_token": "AB11699787410XG8F94UOqwgvKXc8wfwLW9ZBkwINNJiliT4br",
    "expires_in": 3600,
    "x_refresh_token_expires_in": 8725225,
    "id_token": "",
    "latency": 60000,
    "createdAt": 1691062186820
  },
  "response": {
    "url": "https://oauth.platform.intuit.com/oauth2/v1/tokens/bearer",
    "headers": {
      "date": "Thu, 03 Aug 2023 11:29:45 GMT",
      "content-type": "application/json;charset=utf-8",
      "content-length": "1028",
      "connection": "close",
      "x-spanid": "57bf40c4-ff42-c17f-da04-130ec848c458",
      "x-amzn-trace-id": "Root=1-64cb8fa9-4f40ae1556bad44b72718713",
      "x-content-type-options": "nosniff",
      "server": "istio-envoy",
      "cache-control": "no-cache, no-store",
      "pragma": "no-cache",
      "x-frame-options": "SAMEORIGIN",
      "x-xss-protection": "1; mode=block",
      "x-envoy-upstream-service-time": "25",
      "strict-transport-security": "max-age=31536000",
      "intuit_tid": "1-64cb8fa9-4f40ae1556bad44b72718713",
      "x-request-id": "1-64cb8fa9-4f40ae1556bad44b72718713",
      "x-envoy-decorator-operation": "usw2-prd-id06-intuit-gateway-active-service.services-gateway-apigwid-usw2-prd-id06.svc.cluster.local:7000/*"
    },
    "body": "{\"token_type\":\"bearer\",\"access_token\":\"eyJlbmMiOiJBMTI4Q0JDLUhTMjU2IiwiYWxnIjoiZGlyIn0..oveujAV2I_aztkRVwm3p0A.C2-MmaW-064HCxxxx1irlfszhpP0zMHbQuS2vK9FK56jUQuCdemGfZj8rgDT1NQOWuRXgjQ3WLk8PVfkCKD_V7vr9Orrq114Ypbd0YL7hBOJae72Emx6Al56LQm-HvhCGry-ShCSwFHBRv2LovzOy-q0d4WkYJ7HDezO3S0Uj1L_x1Rcw7SOFM6BpK-agG461QbU_dgUNIDb_ud89Dl3zkziwfiuXKB5UseEPDbaOCmC8ez_lCn7tlRRYzdBYNVCn9o62sORBYk-SRqUZ7o_2kw2TYIZqm14ViiZCu8LOat6fyH6OSoBnbO-M3tdIgCntWAeGupVUK6YTt72clEPq1012BJvZcv8XC2cw-3240-T7fQF7kgoYfvjLdVNN196HFUhnk9Kd2g1OQaVE88dwn6dn-pY63eWpQJw_z7nXES4bEimt5hkzPwhtmxyufm7WO_KlICFJsn47DK7P06TB5ehdJ0l4lPppKS3n_E3RLbpnYG3dcT3C3CPubvm6aTi_S2xmyYTbv8xCXxF558yva0yFDoQW1MhQrIKp01KCJJPe1n2rApaP8cwlyx9CBWGMMRe7Y1xj6lKgTMZu4D5l1T0-kU62_jaVOTbsTq1lXATFPnFzPIVV1TpbtBckFk-zxOlqHYoBWbUx9Ez0jc8LLa1NZgs3HIyqlhKhtNZMp16OUruXoWEhpkwadtLWIuaDqWGhli0M3J6EI7uZXApeGW98ftBBtpWDWxh-RaTI1MGUF55S4jiXM5An7ovOVHv.4Rw72NbvyOIQfvWufE7cIA\",\"x_refresh_token_expires_in\":8725225,\"refresh_token\":\"AB11699787410XG8F94UOqwgvKXc8wfwLW9ZBkwINNJiliT4br\",\"expires_in\":3600}",
    "status": 200,
    "statusText": "OK"
  },
  "body": "{\"token_type\":\"bearer\",\"access_token\":\"eyJlbmMiOiJBMTI4Q0JDLUhTMjU2IiwiYWxnIjoiZGlyIn0..oveujAV2I_aztkRVwm3p0A.C2-MmaW-064HCxxxx1irlfszhpP0zMHbQuS2vK9FK56jUQuCdemGfZj8rgDT1NQOWuRXgjQ3WLk8PVfkCKD_V7vr9Orrq114Ypbd0YL7hBOJae72Emx6Al56LQm-HvhCGry-ShCSwFHBRv2LovzOy-q0d4WkYJ7HDezO3S0Uj1L_x1Rcw7SOFM6BpK-agG461QbU_dgUNIDb_ud89Dl3zkziwfiuXKB5UseEPDbaOCmC8ez_lCn7tlRRYzdBYNVCn9o62sORBYk-SRqUZ7o_2kw2TYIZqm14ViiZCu8LOat6fyH6OSoBnbO-M3tdIgCntWAeGupVUK6YTt72clEPq1012BJvZcv8XC2cw-3240-T7fQF7kgoYfvjLdVNN196HFUhnk9Kd2g1OQaVE88dwn6dn-pY63eWpQJw_z7nXES4bEimt5hkzPwhtmxyufm7WO_KlICFJsn47DK7P06TB5ehdJ0l4lPppKS3n_E3RLbpnYG3dcT3C3CPubvm6aTi_S2xmyYTbv8xCXxF558yva0yFDoQW1MhQrIKp01KCJJPe1n2rApaP8cwlyx9CBWGMMRe7Y1xj6lKgTMZu4D5l1T0-kU62_jaVOTbsTq1lXATFPnFzPIVV1TpbtBckFk-zxOlqHYoBWbUx9Ez0jc8LLa1NZgs3HIyqlhKhtNZMp16OUruXoWEhpkwadtLWIuaDqWGhli0M3J6EI7uZXApeGW98ftBBtpWDWxh-RaTI1MGUF55S4jiXM5An7ovOVHv.4Rw72NbvyOIQfvWufE7cIA\",\"x_refresh_token_expires_in\":8725225,\"refresh_token\":\"AB11699787410XG8F94UOqwgvKXc8wfwLW9ZBkwINNJiliT4br\",\"expires_in\":3600}",
  "json": {
    "token_type": "bearer",
    "access_token": "eyJlbmMiOiJBMTI4Q0JDLUhTMjU2IiwiYWxnIjoiZGlyIn0..oveujAV2I_aztkRVwm3p0A.C2-MmaW-064HCxxxx1irlfszhpP0zMHbQuS2vK9FK56jUQuCdemGfZj8rgDT1NQOWuRXgjQ3WLk8PVfkCKD_V7vr9Orrq114Ypbd0YL7hBOJae72Emx6Al56LQm-HvhCGry-ShCSwFHBRv2LovzOy-q0d4WkYJ7HDezO3S0Uj1L_x1Rcw7SOFM6BpK-agG461QbU_dgUNIDb_ud89Dl3zkziwfiuXKB5UseEPDbaOCmC8ez_lCn7tlRRYzdBYNVCn9o62sORBYk-SRqUZ7o_2kw2TYIZqm14ViiZCu8LOat6fyH6OSoBnbO-M3tdIgCntWAeGupVUK6YTt72clEPq1012BJvZcv8XC2cw-3240-T7fQF7kgoYfvjLdVNN196HFUhnk9Kd2g1OQaVE88dwn6dn-pY63eWpQJw_z7nXES4bEimt5hkzPwhtmxyufm7WO_KlICFJsn47DK7P06TB5ehdJ0l4lPppKS3n_E3RLbpnYG3dcT3C3CPubvm6aTi_S2xmyYTbv8xCXxF558yva0yFDoQW1MhQrIKp01KCJJPe1n2rApaP8cwlyx9CBWGMMRe7Y1xj6lKgTMZu4D5l1T0-kU62_jaVOTbsTq1lXATFPnFzPIVV1TpbtBckFk-zxOlqHYoBWbUx9Ez0jc8LLa1NZgs3HIyqlhKhtNZMp16OUruXoWEhpkwadtLWIuaDqWGhli0M3J6EI7uZXApeGW98ftBBtpWDWxh-RaTI1MGUF55S4jiXM5An7ovOVHv.4Rw72NbvyOIQfvWufE7cIA",
    "x_refresh_token_expires_in": 8725225,
    "refresh_token": "AB11699787410XG8F94UOqwgvKXc8wfwLW9ZBkwINNJiliT4br",
    "expires_in": 3600
  },
  "intuit_tid": "1-64cb8fa9-4f40ae1556bad44b72718713"
}
2023-08-03T11:30:21.283Z info: Refresh usingToken () response is : {
  "token": {
    "realmId": "",
    "token_type": "bearer",
    "access_token": "eyJlbmMiOiJBMTI4Q0JDLUhTMjU2IiwiYWxnIjoiZGlyIn0..EUVoY743-8OzO1WM5gzO0A.Pz5FG2OH4mMLCdPK3sr8K4dnCr9M6kTUmaVWdjCc477ln6di0rq7XXmE1EQsInfyz2mCndFHYZt8WTRJxorRr_geSmhMxNQx50d0rNJfjmzGBOxLaDc1-2zzlkjHgQV_KCPG14Dmek7Catz75SW7ULt2_DcO9EcHozYHQzereQlmeop6CWWHEDTXyuGoaIN0mDD94s4sgTZo8T3gQ7erPcmqvW3c7qxvVdezQHJs8fEJ3PMvgcwtB4O5RvnjAhMPzzrntHW64qgTNUHFT8GJSYOfKgTguv3mHrse9azmQmN9veqfgExW1wvcZSeGTRmtOxTz9_BME5tnuy96UjKBjY_7x2UzQtqNzmAzLKc3aw8ucVF1QAqlUww0xlpLR9XtqBaJbppu9-pbKi0TmA1zf_KUsif5hdAt4NBh7kXBmi8PKjkD-MnBvGtRqLj7nQueDvjUpC5NqvyP1UekQfQ3OsOuUyy5vtZq-m9hQTvszkY99O6chaxqqp1gApK7shh21DdO3xfM0cYIFkrEcJI1BRnIcQwHTSmZWM0UB7HYHhy7ZA5cjet1uztr6B1cdSgEBED36WjzoWGj6j0tNtztnOtZSahBaljyH0s6mLCcGUEVeGlKOUId444IgE6Og7UD2tAZW6MY56PKOHmsP6X2-4WiTL6jGbbNGUYWADqSXVjW9qP-R6hQtN6P1Un86XvB1hbQt6mTmdewf-ubqH0B9q5kk-Ph2awhBEnwjAF36mRjvCkG0mLYC9arXV5GqkTN._nCt1YXybhIsnbogp80CZg",
    "refresh_token": "AB11699787410XG8F94UOqwgvKXc8wfwLW9ZBkwINNJiliT4br",
    "expires_in": 3600,
    "x_refresh_token_expires_in": 8725191,
    "id_token": "",
    "latency": 60000,
    "createdAt": 1691062221283
  },
  "response": {
    "url": "https://oauth.platform.intuit.com/oauth2/v1/tokens/bearer",
    "headers": {
      "date": "Thu, 03 Aug 2023 11:30:20 GMT",
      "content-type": "application/json;charset=utf-8",
      "content-length": "1028",
      "connection": "close",
      "x-spanid": "66b4390d-d43b-aca9-3a4c-a4a6719296c4",
      "x-amzn-trace-id": "Root=1-64cb8fcc-17727885595dccec4037fa74",
      "x-content-type-options": "nosniff",
      "server": "istio-envoy",
      "cache-control": "no-cache, no-store",
      "pragma": "no-cache",
      "x-frame-options": "SAMEORIGIN",
      "x-xss-protection": "1; mode=block",
      "x-envoy-upstream-service-time": "24",
      "strict-transport-security": "max-age=31536000",
      "intuit_tid": "1-64cb8fcc-17727885595dccec4037fa74",
      "x-request-id": "1-64cb8fcc-17727885595dccec4037fa74",
      "x-envoy-decorator-operation": "usw2-prd-id06-intuit-gateway-active-service.services-gateway-apigwid-usw2-prd-id06.svc.cluster.local:7000/*"
    },
    "body": "{\"access_token\":\"eyJlbmMiOiJBMTI4Q0JDLUhTMjU2IiwiYWxnIjoiZGlyIn0..EUVoY743-8OzO1WM5gzO0A.Pz5FG2OH4mMLCdPK3sr8K4dnCr9M6kTUmaVWdjCc477ln6di0rq7XXmE1EQsInfyz2mCndFHYZt8WTRJxorRr_geSmhMxNQx50d0rNJfjmzGBOxLaDc1-2zzlkjHgQV_KCPG14Dmek7Catz75SW7ULt2_DcO9EcHozYHQzereQlmeop6CWWHEDTXyuGoaIN0mDD94s4sgTZo8T3gQ7erPcmqvW3c7qxvVdezQHJs8fEJ3PMvgcwtB4O5RvnjAhMPzzrntHW64qgTNUHFT8GJSYOfKgTguv3mHrse9azmQmN9veqfgExW1wvcZSeGTRmtOxTz9_BME5tnuy96UjKBjY_7x2UzQtqNzmAzLKc3aw8ucVF1QAqlUww0xlpLR9XtqBaJbppu9-pbKi0TmA1zf_KUsif5hdAt4NBh7kXBmi8PKjkD-MnBvGtRqLj7nQueDvjUpC5NqvyP1UekQfQ3OsOuUyy5vtZq-m9hQTvszkY99O6chaxqqp1gApK7shh21DdO3xfM0cYIFkrEcJI1BRnIcQwHTSmZWM0UB7HYHhy7ZA5cjet1uztr6B1cdSgEBED36WjzoWGj6j0tNtztnOtZSahBaljyH0s6mLCcGUEVeGlKOUId444IgE6Og7UD2tAZW6MY56PKOHmsP6X2-4WiTL6jGbbNGUYWADqSXVjW9qP-R6hQtN6P1Un86XvB1hbQt6mTmdewf-ubqH0B9q5kk-Ph2awhBEnwjAF36mRjvCkG0mLYC9arXV5GqkTN._nCt1YXybhIsnbogp80CZg\",\"token_type\":\"bearer\",\"x_refresh_token_expires_in\":8725191,\"refresh_token\":\"AB11699787410XG8F94UOqwgvKXc8wfwLW9ZBkwINNJiliT4br\",\"expires_in\":3600}",
    "status": 200,
    "statusText": "OK"
  },
  "body": "{\"access_token\":\"eyJlbmMiOiJBMTI4Q0JDLUhTMjU2IiwiYWxnIjoiZGlyIn0..EUVoY743-8OzO1WM5gzO0A.Pz5FG2OH4mMLCdPK3sr8K4dnCr9M6kTUmaVWdjCc477ln6di0rq7XXmE1EQsInfyz2mCndFHYZt8WTRJxorRr_geSmhMxNQx50d0rNJfjmzGBOxLaDc1-2zzlkjHgQV_KCPG14Dmek7Catz75SW7ULt2_DcO9EcHozYHQzereQlmeop6CWWHEDTXyuGoaIN0mDD94s4sgTZo8T3gQ7erPcmqvW3c7qxvVdezQHJs8fEJ3PMvgcwtB4O5RvnjAhMPzzrntHW64qgTNUHFT8GJSYOfKgTguv3mHrse9azmQmN9veqfgExW1wvcZSeGTRmtOxTz9_BME5tnuy96UjKBjY_7x2UzQtqNzmAzLKc3aw8ucVF1QAqlUww0xlpLR9XtqBaJbppu9-pbKi0TmA1zf_KUsif5hdAt4NBh7kXBmi8PKjkD-MnBvGtRqLj7nQueDvjUpC5NqvyP1UekQfQ3OsOuUyy5vtZq-m9hQTvszkY99O6chaxqqp1gApK7shh21DdO3xfM0cYIFkrEcJI1BRnIcQwHTSmZWM0UB7HYHhy7ZA5cjet1uztr6B1cdSgEBED36WjzoWGj6j0tNtztnOtZSahBaljyH0s6mLCcGUEVeGlKOUId444IgE6Og7UD2tAZW6MY56PKOHmsP6X2-4WiTL6jGbbNGUYWADqSXVjW9qP-R6hQtN6P1Un86XvB1hbQt6mTmdewf-ubqH0B9q5kk-Ph2awhBEnwjAF36mRjvCkG0mLYC9arXV5GqkTN._nCt1YXybhIsnbogp80CZg\",\"token_type\":\"bearer\",\"x_refresh_token_expires_in\":8725191,\"refresh_token\":\"AB11699787410XG8F94UOqwgvKXc8wfwLW9ZBkwINNJiliT4br\",\"expires_in\":3600}",
  "json": {
    "access_token": "eyJlbmMiOiJBMTI4Q0JDLUhTMjU2IiwiYWxnIjoiZGlyIn0..EUVoY743-8OzO1WM5gzO0A.Pz5FG2OH4mMLCdPK3sr8K4dnCr9M6kTUmaVWdjCc477ln6di0rq7XXmE1EQsInfyz2mCndFHYZt8WTRJxorRr_geSmhMxNQx50d0rNJfjmzGBOxLaDc1-2zzlkjHgQV_KCPG14Dmek7Catz75SW7ULt2_DcO9EcHozYHQzereQlmeop6CWWHEDTXyuGoaIN0mDD94s4sgTZo8T3gQ7erPcmqvW3c7qxvVdezQHJs8fEJ3PMvgcwtB4O5RvnjAhMPzzrntHW64qgTNUHFT8GJSYOfKgTguv3mHrse9azmQmN9veqfgExW1wvcZSeGTRmtOxTz9_BME5tnuy96UjKBjY_7x2UzQtqNzmAzLKc3aw8ucVF1QAqlUww0xlpLR9XtqBaJbppu9-pbKi0TmA1zf_KUsif5hdAt4NBh7kXBmi8PKjkD-MnBvGtRqLj7nQueDvjUpC5NqvyP1UekQfQ3OsOuUyy5vtZq-m9hQTvszkY99O6chaxqqp1gApK7shh21DdO3xfM0cYIFkrEcJI1BRnIcQwHTSmZWM0UB7HYHhy7ZA5cjet1uztr6B1cdSgEBED36WjzoWGj6j0tNtztnOtZSahBaljyH0s6mLCcGUEVeGlKOUId444IgE6Og7UD2tAZW6MY56PKOHmsP6X2-4WiTL6jGbbNGUYWADqSXVjW9qP-R6hQtN6P1Un86XvB1hbQt6mTmdewf-ubqH0B9q5kk-Ph2awhBEnwjAF36mRjvCkG0mLYC9arXV5GqkTN._nCt1YXybhIsnbogp80CZg",
    "token_type": "bearer",
    "x_refresh_token_expires_in": 8725191,
    "refresh_token": "AB11699787410XG8F94UOqwgvKXc8wfwLW9ZBkwINNJiliT4br",
    "expires_in": 3600
  },
  "intuit_tid": "1-64cb8fcc-17727885595dccec4037fa74"
}
2023-08-03T11:48:58.027Z error: Create Token () threw an exception : {
  "authResponse": {
    "token": {
      "realmId": "4620816365307457590",
      "token_type": "",
      "access_token": "",
      "refresh_token": "",
      "expires_in": 0,
      "x_refresh_token_expires_in": 0,
      "id_token": "",
      "latency": 60000,
      "createdAt": 1691063336169,
      "state": "8d3df775-fe10-4eb5-a1fd-789fa7aa9077"
    },
    "response": {
      "url": "https://oauth.platform.intuit.com/oauth2/v1/tokens/bearer",
      "headers": {
        "date": "Thu, 03 Aug 2023 11:48:57 GMT",
        "content-type": "application/json;charset=utf-8",
        "content-length": "61",
        "connection": "close",
        "x-spanid": "11470be0-9ed6-c40a-0e5f-e2ae1ff27090",
        "x-amzn-trace-id": "Root=1-64cb9429-7f9b89e55bce03ef0a9ec91c",
        "x-content-type-options": "nosniff",
        "server": "istio-envoy",
        "cache-control": "no-cache, no-store",
        "pragma": "no-cache",
        "x-envoy-upstream-service-time": "4",
        "strict-transport-security": "max-age=31536000",
        "intuit_tid": "1-64cb9429-7f9b89e55bce03ef0a9ec91c",
        "x-request-id": "1-64cb9429-7f9b89e55bce03ef0a9ec91c",
        "x-envoy-decorator-operation": "usw2-prd-id06-intuit-gateway-active-service.services-gateway-apigwid-usw2-prd-id06.svc.cluster.local:7000/*"
      },
      "body": "{\"error_description\":\"Token invalid\",\"error\":\"invalid_grant\"}",
      "status": 400,
      "statusText": "Bad Request"
    },
    "body": "{\"error_description\":\"Token invalid\",\"error\":\"invalid_grant\"}",
    "json": {
      "error_description": "Token invalid",
      "error": "invalid_grant"
    },
    "intuit_tid": "1-64cb9429-7f9b89e55bce03ef0a9ec91c"
  },
  "originalMessage": "Response has an Error",
  "error": "invalid_grant",
  "error_description": "Token invalid",
  "intuit_tid": "1-64cb9429-7f9b89e55bce03ef0a9ec91c"
}
2023-08-03T11:49:14.444Z info: Create Token response is : {
  "token": {
    "realmId": "4620816365307457590",
    "token_type": "bearer",
    "access_token": "eyJlbmMiOiJBMTI4Q0JDLUhTMjU2IiwiYWxnIjoiZGlyIn0..lI_WrMhQbFspP7gW3xzCJA.STyGSZqXzE03jqtCyrSZG5EDYjSIpfg0tbgoPDgyHhJU_tahcQQna0cj79eRsa0av9SQbnGxgbr-w8Hf8u29bDKOI8G6v1KLoj-hoS1vM5GdkCzJyzIdX1SS1_wrco58kMe3Y8w__t8yPSL6e_hvTo5-oaiFnZ2_zXBv5qR28KV3eAU8Nq52FLfsLgTk_y8QRaPCpDlldb5a7wokc_b_2XV7vXPDcdgQ4c-qPl_gdLXly_LBKWbrxqBee4n_lyVQvWz3nCmHpT903xT5oc2eqmGCNpd6z7hyAZNobsceoB7_7u8SpJMHeYrVhFLKzwI30S5g96V4ZOARa_teliMPVc8ufljuRaWNl0hvcbz_U3MzX7SxZnu5Aw-9nJJE4Vf6XSREWmfa3mQBzf9KP2a7-Yi6HAcYr2y63XTVv7_3n8n24h1DyNGTX1yqA4dE4g-f0-eaW8g7eI3Gn9Pqog1fRV0mL3gfKpBh752mixusp_4EAVsbLMWxlb12orkyu4pBHK433EW37x4pRZLIKhPCCeKuXtzrVYymGqnqp7c5pCliog1pLnu9aD3qObFQCLaKCCckW9ycM1df9Kt8FhIdlUItkBUM4lBtKY32pBIZf_141oMO14x20HE6PucLyq9Bcsgh4C9VCHbwxYvbUND7odPt8F2myS95q1Lbvx6qXmxZYZqmt59qwVOUJMywwDmjj-JP3w8OxLhXg3WQBUb0GmehvLNq7EAWAfl0hq24SOipnpl2Qbg1oRT1Ei2pkmfW.mfPPg0tgFfzTrI5QxINbdg",
    "refresh_token": "AB116997897539qph0qiWI32lynEht6NUd9pkLt2MODopct7Bh",
    "expires_in": 3600,
    "x_refresh_token_expires_in": 8726400,
    "id_token": "",
    "latency": 60000,
    "createdAt": 1691063354444,
    "state": "348b530f-2f67-4696-9ffe-e991889212f0"
  },
  "response": {
    "url": "https://oauth.platform.intuit.com/oauth2/v1/tokens/bearer",
    "headers": {
      "date": "Thu, 03 Aug 2023 11:49:13 GMT",
      "content-type": "application/json;charset=utf-8",
      "content-length": "1028",
      "connection": "close",
      "x-spanid": "1f10442a-3ba9-838b-5be9-699ae4c17b34",
      "x-amzn-trace-id": "Root=1-64cb9439-286cff2e0312e7691f78a271",
      "x-content-type-options": "nosniff",
      "server": "istio-envoy",
      "cache-control": "no-cache, no-store",
      "pragma": "no-cache",
      "x-frame-options": "SAMEORIGIN",
      "x-xss-protection": "1; mode=block",
      "x-envoy-upstream-service-time": "16",
      "strict-transport-security": "max-age=31536000",
      "intuit_tid": "1-64cb9439-286cff2e0312e7691f78a271",
      "x-request-id": "1-64cb9439-286cff2e0312e7691f78a271",
      "x-envoy-decorator-operation": "usw2-prd-id06-intuit-gateway-active-service.services-gateway-apigwid-usw2-prd-id06.svc.cluster.local:7000/*"
    },
    "body": "{\"x_refresh_token_expires_in\":8726400,\"access_token\":\"eyJlbmMiOiJBMTI4Q0JDLUhTMjU2IiwiYWxnIjoiZGlyIn0..lI_WrMhQbFspP7gW3xzCJA.STyGSZqXzE03jqtCyrSZG5EDYjSIpfg0tbgoPDgyHhJU_tahcQQna0cj79eRsa0av9SQbnGxgbr-w8Hf8u29bDKOI8G6v1KLoj-hoS1vM5GdkCzJyzIdX1SS1_wrco58kMe3Y8w__t8yPSL6e_hvTo5-oaiFnZ2_zXBv5qR28KV3eAU8Nq52FLfsLgTk_y8QRaPCpDlldb5a7wokc_b_2XV7vXPDcdgQ4c-qPl_gdLXly_LBKWbrxqBee4n_lyVQvWz3nCmHpT903xT5oc2eqmGCNpd6z7hyAZNobsceoB7_7u8SpJMHeYrVhFLKzwI30S5g96V4ZOARa_teliMPVc8ufljuRaWNl0hvcbz_U3MzX7SxZnu5Aw-9nJJE4Vf6XSREWmfa3mQBzf9KP2a7-Yi6HAcYr2y63XTVv7_3n8n24h1DyNGTX1yqA4dE4g-f0-eaW8g7eI3Gn9Pqog1fRV0mL3gfKpBh752mixusp_4EAVsbLMWxlb12orkyu4pBHK433EW37x4pRZLIKhPCCeKuXtzrVYymGqnqp7c5pCliog1pLnu9aD3qObFQCLaKCCckW9ycM1df9Kt8FhIdlUItkBUM4lBtKY32pBIZf_141oMO14x20HE6PucLyq9Bcsgh4C9VCHbwxYvbUND7odPt8F2myS95q1Lbvx6qXmxZYZqmt59qwVOUJMywwDmjj-JP3w8OxLhXg3WQBUb0GmehvLNq7EAWAfl0hq24SOipnpl2Qbg1oRT1Ei2pkmfW.mfPPg0tgFfzTrI5QxINbdg\",\"refresh_token\":\"AB116997897539qph0qiWI32lynEht6NUd9pkLt2MODopct7Bh\",\"token_type\":\"bearer\",\"expires_in\":3600}",
    "status": 200,
    "statusText": "OK"
  },
  "body": "{\"x_refresh_token_expires_in\":8726400,\"access_token\":\"eyJlbmMiOiJBMTI4Q0JDLUhTMjU2IiwiYWxnIjoiZGlyIn0..lI_WrMhQbFspP7gW3xzCJA.STyGSZqXzE03jqtCyrSZG5EDYjSIpfg0tbgoPDgyHhJU_tahcQQna0cj79eRsa0av9SQbnGxgbr-w8Hf8u29bDKOI8G6v1KLoj-hoS1vM5GdkCzJyzIdX1SS1_wrco58kMe3Y8w__t8yPSL6e_hvTo5-oaiFnZ2_zXBv5qR28KV3eAU8Nq52FLfsLgTk_y8QRaPCpDlldb5a7wokc_b_2XV7vXPDcdgQ4c-qPl_gdLXly_LBKWbrxqBee4n_lyVQvWz3nCmHpT903xT5oc2eqmGCNpd6z7hyAZNobsceoB7_7u8SpJMHeYrVhFLKzwI30S5g96V4ZOARa_teliMPVc8ufljuRaWNl0hvcbz_U3MzX7SxZnu5Aw-9nJJE4Vf6XSREWmfa3mQBzf9KP2a7-Yi6HAcYr2y63XTVv7_3n8n24h1DyNGTX1yqA4dE4g-f0-eaW8g7eI3Gn9Pqog1fRV0mL3gfKpBh752mixusp_4EAVsbLMWxlb12orkyu4pBHK433EW37x4pRZLIKhPCCeKuXtzrVYymGqnqp7c5pCliog1pLnu9aD3qObFQCLaKCCckW9ycM1df9Kt8FhIdlUItkBUM4lBtKY32pBIZf_141oMO14x20HE6PucLyq9Bcsgh4C9VCHbwxYvbUND7odPt8F2myS95q1Lbvx6qXmxZYZqmt59qwVOUJMywwDmjj-JP3w8OxLhXg3WQBUb0GmehvLNq7EAWAfl0hq24SOipnpl2Qbg1oRT1Ei2pkmfW.mfPPg0tgFfzTrI5QxINbdg\",\"refresh_token\":\"AB116997897539qph0qiWI32lynEht6NUd9pkLt2MODopct7Bh\",\"token_type\":\"bearer\",\"expires_in\":3600}",
  "json": {
    "x_refresh_token_expires_in": 8726400,
    "access_token": "eyJlbmMiOiJBMTI4Q0JDLUhTMjU2IiwiYWxnIjoiZGlyIn0..lI_WrMhQbFspP7gW3xzCJA.STyGSZqXzE03jqtCyrSZG5EDYjSIpfg0tbgoPDgyHhJU_tahcQQna0cj79eRsa0av9SQbnGxgbr-w8Hf8u29bDKOI8G6v1KLoj-hoS1vM5GdkCzJyzIdX1SS1_wrco58kMe3Y8w__t8yPSL6e_hvTo5-oaiFnZ2_zXBv5qR28KV3eAU8Nq52FLfsLgTk_y8QRaPCpDlldb5a7wokc_b_2XV7vXPDcdgQ4c-qPl_gdLXly_LBKWbrxqBee4n_lyVQvWz3nCmHpT903xT5oc2eqmGCNpd6z7hyAZNobsceoB7_7u8SpJMHeYrVhFLKzwI30S5g96V4ZOARa_teliMPVc8ufljuRaWNl0hvcbz_U3MzX7SxZnu5Aw-9nJJE4Vf6XSREWmfa3mQBzf9KP2a7-Yi6HAcYr2y63XTVv7_3n8n24h1DyNGTX1yqA4dE4g-f0-eaW8g7eI3Gn9Pqog1fRV0mL3gfKpBh752mixusp_4EAVsbLMWxlb12orkyu4pBHK433EW37x4pRZLIKhPCCeKuXtzrVYymGqnqp7c5pCliog1pLnu9aD3qObFQCLaKCCckW9ycM1df9Kt8FhIdlUItkBUM4lBtKY32pBIZf_141oMO14x20HE6PucLyq9Bcsgh4C9VCHbwxYvbUND7odPt8F2myS95q1Lbvx6qXmxZYZqmt59qwVOUJMywwDmjj-JP3w8OxLhXg3WQBUb0GmehvLNq7EAWAfl0hq24SOipnpl2Qbg1oRT1Ei2pkmfW.mfPPg0tgFfzTrI5QxINbdg",
    "refresh_token": "AB116997897539qph0qiWI32lynEht6NUd9pkLt2MODopct7Bh",
    "token_type": "bearer",
    "expires_in": 3600
  },
  "intuit_tid": "1-64cb9439-286cff2e0312e7691f78a271"
}
2023-08-03T11:50:41.371Z info: Create Token response is : {
  "token": {
    "realmId": "4620816365307457590",
    "token_type": "bearer",
    "access_token": "eyJlbmMiOiJBMTI4Q0JDLUhTMjU2IiwiYWxnIjoiZGlyIn0..N-bBjpFYJyNmqDtjEKoNPA.neYn6kjapi0HNKgakJhH3Lw829-qSZ3N12BeegJlTeECTK2HMBKhPlwH_dPgDwWj4T9LcPBKiARwCVdJw0dzTlIRSVF43CYTMcSUc0LJtU2kVZtwDygRtP-ZeqlazCbatxeciY1KG9ugD8QhI8adsZ1bleVxpj_OvrBriJ3VGTjZsPY65nRjAkxTPcHqzMP9CL1PsUCNzFxNFXPxBBJEgMqjy0WBGGyiO-NYjEPP4npzButP2YYM9IJVPIAcv2zmVnRLCjciNk-Ecjb4PfHoGYjRuBMgmMSlFb6_G90NCYtoiqp-v2Xh-inH-uIZ1YDCU-OXfm0ruvrOrgdIONk7_phZP6UcJ7hPgd1nqUSckE6YR7bV0R4NgDvKJaoQI493r69r_ZDfVVdkxQw_sBEdMSwLpixVd76wITG_mQjEIiRye6ivQRLEMfbgv02AGwxELYIz3wcCZiqtd7KSArecuVLBHDuepLIJbhOKAvUSib6x3Yinc1YQjFFf4ACgUteE8QEiLeRVhEnCY3ZUQjQEoPus4Q9w-9xsN0P0gz-byftAW4cAvuNwkDdWhLwsgFghL0Q7VkZvezvQ0cwrzJw7Gf5YuvphFYQprjbCNbt4YiwwK7R4GTGoRa7LfePesTVmH4dZ0aFjjNHdGnClBobSh1jzDpmvMbvD88sBDCJHC0Re5PN97wq5K3mHnuGdg86Bwle6FH2cphCpDytbxtSVSs6RoGrWgLYyuMl67cOQi267o7NzpbX18FC6bsrPSEBK.AVb4h3JullmUAZSO54UulQ",
    "refresh_token": "AB11699789840SwDYOIgqVNE4ANwwSYfIXhRBuU9w2ynOYmmBX",
    "expires_in": 3600,
    "x_refresh_token_expires_in": 8726400,
    "id_token": "",
    "latency": 60000,
    "createdAt": 1691063441371,
    "state": "1d79d754-5b53-45a8-84de-1a88bdbc7145"
  },
  "response": {
    "url": "https://oauth.platform.intuit.com/oauth2/v1/tokens/bearer",
    "headers": {
      "date": "Thu, 03 Aug 2023 11:50:40 GMT",
      "content-type": "application/json;charset=utf-8",
      "content-length": "1028",
      "connection": "close",
      "x-spanid": "279b5fca-e407-247c-e8f8-028ee68761d3",
      "x-amzn-trace-id": "Root=1-64cb9490-00659c472a06952f72c292e6",
      "x-content-type-options": "nosniff",
      "server": "istio-envoy",
      "cache-control": "no-cache, no-store",
      "pragma": "no-cache",
      "x-frame-options": "SAMEORIGIN",
      "x-xss-protection": "1; mode=block",
      "x-envoy-upstream-service-time": "51",
      "strict-transport-security": "max-age=31536000",
      "intuit_tid": "1-64cb9490-00659c472a06952f72c292e6",
      "x-request-id": "1-64cb9490-00659c472a06952f72c292e6",
      "x-envoy-decorator-operation": "usw2-prd-id06-intuit-gateway-active-service.services-gateway-apigwid-usw2-prd-id06.svc.cluster.local:7000/*"
    },
    "body": "{\"x_refresh_token_expires_in\":8726400,\"access_token\":\"eyJlbmMiOiJBMTI4Q0JDLUhTMjU2IiwiYWxnIjoiZGlyIn0..N-bBjpFYJyNmqDtjEKoNPA.neYn6kjapi0HNKgakJhH3Lw829-qSZ3N12BeegJlTeECTK2HMBKhPlwH_dPgDwWj4T9LcPBKiARwCVdJw0dzTlIRSVF43CYTMcSUc0LJtU2kVZtwDygRtP-ZeqlazCbatxeciY1KG9ugD8QhI8adsZ1bleVxpj_OvrBriJ3VGTjZsPY65nRjAkxTPcHqzMP9CL1PsUCNzFxNFXPxBBJEgMqjy0WBGGyiO-NYjEPP4npzButP2YYM9IJVPIAcv2zmVnRLCjciNk-Ecjb4PfHoGYjRuBMgmMSlFb6_G90NCYtoiqp-v2Xh-inH-uIZ1YDCU-OXfm0ruvrOrgdIONk7_phZP6UcJ7hPgd1nqUSckE6YR7bV0R4NgDvKJaoQI493r69r_ZDfVVdkxQw_sBEdMSwLpixVd76wITG_mQjEIiRye6ivQRLEMfbgv02AGwxELYIz3wcCZiqtd7KSArecuVLBHDuepLIJbhOKAvUSib6x3Yinc1YQjFFf4ACgUteE8QEiLeRVhEnCY3ZUQjQEoPus4Q9w-9xsN0P0gz-byftAW4cAvuNwkDdWhLwsgFghL0Q7VkZvezvQ0cwrzJw7Gf5YuvphFYQprjbCNbt4YiwwK7R4GTGoRa7LfePesTVmH4dZ0aFjjNHdGnClBobSh1jzDpmvMbvD88sBDCJHC0Re5PN97wq5K3mHnuGdg86Bwle6FH2cphCpDytbxtSVSs6RoGrWgLYyuMl67cOQi267o7NzpbX18FC6bsrPSEBK.AVb4h3JullmUAZSO54UulQ\",\"refresh_token\":\"AB11699789840SwDYOIgqVNE4ANwwSYfIXhRBuU9w2ynOYmmBX\",\"expires_in\":3600,\"token_type\":\"bearer\"}",
    "status": 200,
    "statusText": "OK"
  },
  "body": "{\"x_refresh_token_expires_in\":8726400,\"access_token\":\"eyJlbmMiOiJBMTI4Q0JDLUhTMjU2IiwiYWxnIjoiZGlyIn0..N-bBjpFYJyNmqDtjEKoNPA.neYn6kjapi0HNKgakJhH3Lw829-qSZ3N12BeegJlTeECTK2HMBKhPlwH_dPgDwWj4T9LcPBKiARwCVdJw0dzTlIRSVF43CYTMcSUc0LJtU2kVZtwDygRtP-ZeqlazCbatxeciY1KG9ugD8QhI8adsZ1bleVxpj_OvrBriJ3VGTjZsPY65nRjAkxTPcHqzMP9CL1PsUCNzFxNFXPxBBJEgMqjy0WBGGyiO-NYjEPP4npzButP2YYM9IJVPIAcv2zmVnRLCjciNk-Ecjb4PfHoGYjRuBMgmMSlFb6_G90NCYtoiqp-v2Xh-inH-uIZ1YDCU-OXfm0ruvrOrgdIONk7_phZP6UcJ7hPgd1nqUSckE6YR7bV0R4NgDvKJaoQI493r69r_ZDfVVdkxQw_sBEdMSwLpixVd76wITG_mQjEIiRye6ivQRLEMfbgv02AGwxELYIz3wcCZiqtd7KSArecuVLBHDuepLIJbhOKAvUSib6x3Yinc1YQjFFf4ACgUteE8QEiLeRVhEnCY3ZUQjQEoPus4Q9w-9xsN0P0gz-byftAW4cAvuNwkDdWhLwsgFghL0Q7VkZvezvQ0cwrzJw7Gf5YuvphFYQprjbCNbt4YiwwK7R4GTGoRa7LfePesTVmH4dZ0aFjjNHdGnClBobSh1jzDpmvMbvD88sBDCJHC0Re5PN97wq5K3mHnuGdg86Bwle6FH2cphCpDytbxtSVSs6RoGrWgLYyuMl67cOQi267o7NzpbX18FC6bsrPSEBK.AVb4h3JullmUAZSO54UulQ\",\"refresh_token\":\"AB11699789840SwDYOIgqVNE4ANwwSYfIXhRBuU9w2ynOYmmBX\",\"expires_in\":3600,\"token_type\":\"bearer\"}",
  "json": {
    "x_refresh_token_expires_in": 8726400,
    "access_token": "eyJlbmMiOiJBMTI4Q0JDLUhTMjU2IiwiYWxnIjoiZGlyIn0..N-bBjpFYJyNmqDtjEKoNPA.neYn6kjapi0HNKgakJhH3Lw829-qSZ3N12BeegJlTeECTK2HMBKhPlwH_dPgDwWj4T9LcPBKiARwCVdJw0dzTlIRSVF43CYTMcSUc0LJtU2kVZtwDygRtP-ZeqlazCbatxeciY1KG9ugD8QhI8adsZ1bleVxpj_OvrBriJ3VGTjZsPY65nRjAkxTPcHqzMP9CL1PsUCNzFxNFXPxBBJEgMqjy0WBGGyiO-NYjEPP4npzButP2YYM9IJVPIAcv2zmVnRLCjciNk-Ecjb4PfHoGYjRuBMgmMSlFb6_G90NCYtoiqp-v2Xh-inH-uIZ1YDCU-OXfm0ruvrOrgdIONk7_phZP6UcJ7hPgd1nqUSckE6YR7bV0R4NgDvKJaoQI493r69r_ZDfVVdkxQw_sBEdMSwLpixVd76wITG_mQjEIiRye6ivQRLEMfbgv02AGwxELYIz3wcCZiqtd7KSArecuVLBHDuepLIJbhOKAvUSib6x3Yinc1YQjFFf4ACgUteE8QEiLeRVhEnCY3ZUQjQEoPus4Q9w-9xsN0P0gz-byftAW4cAvuNwkDdWhLwsgFghL0Q7VkZvezvQ0cwrzJw7Gf5YuvphFYQprjbCNbt4YiwwK7R4GTGoRa7LfePesTVmH4dZ0aFjjNHdGnClBobSh1jzDpmvMbvD88sBDCJHC0Re5PN97wq5K3mHnuGdg86Bwle6FH2cphCpDytbxtSVSs6RoGrWgLYyuMl67cOQi267o7NzpbX18FC6bsrPSEBK.AVb4h3JullmUAZSO54UulQ",
    "refresh_token": "AB11699789840SwDYOIgqVNE4ANwwSYfIXhRBuU9w2ynOYmmBX",
    "expires_in": 3600,
    "token_type": "bearer"
  },
  "intuit_tid": "1-64cb9490-00659c472a06952f72c292e6"
}
2023-08-03T11:54:00.315Z info: Create Token response is : {
  "token": {
    "realmId": "4620816365307457590",
    "token_type": "bearer",
    "access_token": "eyJlbmMiOiJBMTI4Q0JDLUhTMjU2IiwiYWxnIjoiZGlyIn0..2vnflCeoKeea6jW81xp2pg.laLsLf-lf5_Oe31ABKCilCVxFP0m8yytmryM4uAYB_1paYc9oeeriFv5LwF6jlIMRrl8SQKK5MffF55K2w3r_GsSbKr4_dKRqdqwVQ_U9nbdIAP6ajvJsPNJVmJGgqxbTLr25m5ppah9jxOVS0fNGNDdlwKr8JEYL8hP4hnFtkkPyl4kozaMNAG-T3PAiFByPvneYhI8SSnDFc71NnWoWvjqWekNg6N0SHZThBcSvmRY6qMkELmieyJvxPv5ERQy7kK34pJLq9KEUJ6VsJvVVy-HdGwOGEwRh7zyTpj9KNY1G2l6lAWt95lf8Ap4qWsA0Tcbu0kIR2ImX--02Rc6oSaAma5neRiryY7BQMfqjfNP_6J5XAIewYTchFtfQ5dVYXs1xnpXlVcu-rQIbOslnxWBSXIPnqDQkTWV_PgTzPPL0Wk8J6YZk1qoPsgz6mz6IsYhV1s7ag074Wcb8cMlK2fMv-EIMMzliQvuQgOUOlHg2oIwv7voeAerYFDVY-q9A_nRLpheSWdZPHm0kgRoP-8gQcyRc9ouTNBUxYIRgdoKjS9dDmNquuMGTMHQBJWk1GmlObcV3yvfMgQiYg7wDlRDfTpwWZdV4LtyNzzTGIavqEamE6DJROwjVPUmnu6PKSzFPe81fOxmRIxLY5vwqLe3z1-rarQSs-p1XCD98GlBTy1URD7ClpkVr7eMa8fBurn8qoVyQLVu3IHa2aHLgXIILCxgHZN94VS0evmDVlekY-WU5r45_7JliOWXiCM5.o30xXhWOuclb3cDhC3Pc4Q",
    "refresh_token": "AB11699790039PPvMHIX7Xx7IDbAJzj0RqaVbB3bQxY2188Cjp",
    "expires_in": 3600,
    "x_refresh_token_expires_in": 8726400,
    "id_token": "",
    "latency": 60000,
    "createdAt": 1691063640315,
    "state": "02b472ec-3ad9-4e24-8aa7-eca7ea11ca4b"
  },
  "response": {
    "url": "https://oauth.platform.intuit.com/oauth2/v1/tokens/bearer",
    "headers": {
      "date": "Thu, 03 Aug 2023 11:53:59 GMT",
      "content-type": "application/json;charset=utf-8",
      "content-length": "1028",
      "connection": "close",
      "x-spanid": "c6b38dcd-91e7-108d-54fd-cd82be298787",
      "x-amzn-trace-id": "Root=1-64cb9557-2c4f79a947315c731d798f3f",
      "x-content-type-options": "nosniff",
      "server": "istio-envoy",
      "cache-control": "no-cache, no-store",
      "pragma": "no-cache",
      "x-frame-options": "SAMEORIGIN",
      "x-xss-protection": "1; mode=block",
      "x-envoy-upstream-service-time": "19",
      "strict-transport-security": "max-age=31536000",
      "intuit_tid": "1-64cb9557-2c4f79a947315c731d798f3f",
      "x-request-id": "1-64cb9557-2c4f79a947315c731d798f3f",
      "x-envoy-decorator-operation": "usw2-prd-id06-intuit-gateway-active-service.services-gateway-apigwid-usw2-prd-id06.svc.cluster.local:7000/*"
    },
    "body": "{\"refresh_token\":\"AB11699790039PPvMHIX7Xx7IDbAJzj0RqaVbB3bQxY2188Cjp\",\"access_token\":\"eyJlbmMiOiJBMTI4Q0JDLUhTMjU2IiwiYWxnIjoiZGlyIn0..2vnflCeoKeea6jW81xp2pg.laLsLf-lf5_Oe31ABKCilCVxFP0m8yytmryM4uAYB_1paYc9oeeriFv5LwF6jlIMRrl8SQKK5MffF55K2w3r_GsSbKr4_dKRqdqwVQ_U9nbdIAP6ajvJsPNJVmJGgqxbTLr25m5ppah9jxOVS0fNGNDdlwKr8JEYL8hP4hnFtkkPyl4kozaMNAG-T3PAiFByPvneYhI8SSnDFc71NnWoWvjqWekNg6N0SHZThBcSvmRY6qMkELmieyJvxPv5ERQy7kK34pJLq9KEUJ6VsJvVVy-HdGwOGEwRh7zyTpj9KNY1G2l6lAWt95lf8Ap4qWsA0Tcbu0kIR2ImX--02Rc6oSaAma5neRiryY7BQMfqjfNP_6J5XAIewYTchFtfQ5dVYXs1xnpXlVcu-rQIbOslnxWBSXIPnqDQkTWV_PgTzPPL0Wk8J6YZk1qoPsgz6mz6IsYhV1s7ag074Wcb8cMlK2fMv-EIMMzliQvuQgOUOlHg2oIwv7voeAerYFDVY-q9A_nRLpheSWdZPHm0kgRoP-8gQcyRc9ouTNBUxYIRgdoKjS9dDmNquuMGTMHQBJWk1GmlObcV3yvfMgQiYg7wDlRDfTpwWZdV4LtyNzzTGIavqEamE6DJROwjVPUmnu6PKSzFPe81fOxmRIxLY5vwqLe3z1-rarQSs-p1XCD98GlBTy1URD7ClpkVr7eMa8fBurn8qoVyQLVu3IHa2aHLgXIILCxgHZN94VS0evmDVlekY-WU5r45_7JliOWXiCM5.o30xXhWOuclb3cDhC3Pc4Q\",\"token_type\":\"bearer\",\"expires_in\":3600,\"x_refresh_token_expires_in\":8726400}",
    "status": 200,
    "statusText": "OK"
  },
  "body": "{\"refresh_token\":\"AB11699790039PPvMHIX7Xx7IDbAJzj0RqaVbB3bQxY2188Cjp\",\"access_token\":\"eyJlbmMiOiJBMTI4Q0JDLUhTMjU2IiwiYWxnIjoiZGlyIn0..2vnflCeoKeea6jW81xp2pg.laLsLf-lf5_Oe31ABKCilCVxFP0m8yytmryM4uAYB_1paYc9oeeriFv5LwF6jlIMRrl8SQKK5MffF55K2w3r_GsSbKr4_dKRqdqwVQ_U9nbdIAP6ajvJsPNJVmJGgqxbTLr25m5ppah9jxOVS0fNGNDdlwKr8JEYL8hP4hnFtkkPyl4kozaMNAG-T3PAiFByPvneYhI8SSnDFc71NnWoWvjqWekNg6N0SHZThBcSvmRY6qMkELmieyJvxPv5ERQy7kK34pJLq9KEUJ6VsJvVVy-HdGwOGEwRh7zyTpj9KNY1G2l6lAWt95lf8Ap4qWsA0Tcbu0kIR2ImX--02Rc6oSaAma5neRiryY7BQMfqjfNP_6J5XAIewYTchFtfQ5dVYXs1xnpXlVcu-rQIbOslnxWBSXIPnqDQkTWV_PgTzPPL0Wk8J6YZk1qoPsgz6mz6IsYhV1s7ag074Wcb8cMlK2fMv-EIMMzliQvuQgOUOlHg2oIwv7voeAerYFDVY-q9A_nRLpheSWdZPHm0kgRoP-8gQcyRc9ouTNBUxYIRgdoKjS9dDmNquuMGTMHQBJWk1GmlObcV3yvfMgQiYg7wDlRDfTpwWZdV4LtyNzzTGIavqEamE6DJROwjVPUmnu6PKSzFPe81fOxmRIxLY5vwqLe3z1-rarQSs-p1XCD98GlBTy1URD7ClpkVr7eMa8fBurn8qoVyQLVu3IHa2aHLgXIILCxgHZN94VS0evmDVlekY-WU5r45_7JliOWXiCM5.o30xXhWOuclb3cDhC3Pc4Q\",\"token_type\":\"bearer\",\"expires_in\":3600,\"x_refresh_token_expires_in\":8726400}",
  "json": {
    "refresh_token": "AB11699790039PPvMHIX7Xx7IDbAJzj0RqaVbB3bQxY2188Cjp",
    "access_token": "eyJlbmMiOiJBMTI4Q0JDLUhTMjU2IiwiYWxnIjoiZGlyIn0..2vnflCeoKeea6jW81xp2pg.laLsLf-lf5_Oe31ABKCilCVxFP0m8yytmryM4uAYB_1paYc9oeeriFv5LwF6jlIMRrl8SQKK5MffF55K2w3r_GsSbKr4_dKRqdqwVQ_U9nbdIAP6ajvJsPNJVmJGgqxbTLr25m5ppah9jxOVS0fNGNDdlwKr8JEYL8hP4hnFtkkPyl4kozaMNAG-T3PAiFByPvneYhI8SSnDFc71NnWoWvjqWekNg6N0SHZThBcSvmRY6qMkELmieyJvxPv5ERQy7kK34pJLq9KEUJ6VsJvVVy-HdGwOGEwRh7zyTpj9KNY1G2l6lAWt95lf8Ap4qWsA0Tcbu0kIR2ImX--02Rc6oSaAma5neRiryY7BQMfqjfNP_6J5XAIewYTchFtfQ5dVYXs1xnpXlVcu-rQIbOslnxWBSXIPnqDQkTWV_PgTzPPL0Wk8J6YZk1qoPsgz6mz6IsYhV1s7ag074Wcb8cMlK2fMv-EIMMzliQvuQgOUOlHg2oIwv7voeAerYFDVY-q9A_nRLpheSWdZPHm0kgRoP-8gQcyRc9ouTNBUxYIRgdoKjS9dDmNquuMGTMHQBJWk1GmlObcV3yvfMgQiYg7wDlRDfTpwWZdV4LtyNzzTGIavqEamE6DJROwjVPUmnu6PKSzFPe81fOxmRIxLY5vwqLe3z1-rarQSs-p1XCD98GlBTy1URD7ClpkVr7eMa8fBurn8qoVyQLVu3IHa2aHLgXIILCxgHZN94VS0evmDVlekY-WU5r45_7JliOWXiCM5.o30xXhWOuclb3cDhC3Pc4Q",
    "token_type": "bearer",
    "expires_in": 3600,
    "x_refresh_token_expires_in": 8726400
  },
  "intuit_tid": "1-64cb9557-2c4f79a947315c731d798f3f"
}
2023-08-03T12:06:28.734Z info: The Authorize Uri is :https://appcenter.intuit.com/connect/oauth2?client_id=ABAc1kMQ3krUiAKWA5hP3I9hnXYH0SpuZjx3ld5pcRwCO4yABP&redirect_uri=https%3A%2F%2Ff6f1-39-62-29-92.ngrok-free.app%2Flogin&response_type=code&scope=com.intuit.quickbooks.accounting%20openid&state=fbeb1a04-f774-4a92-8e45-ee2bf3010f4e
2023-08-03T12:06:34.239Z info: Create Token response is : {
  "token": {
    "realmId": "4620816365307457590",
    "token_type": "bearer",
    "access_token": "eyJlbmMiOiJBMTI4Q0JDLUhTMjU2IiwiYWxnIjoiZGlyIn0..YNYxNhOXHNwe2Nhmgo9-6g.79ddzrErtE916ZxvCZkzebTAhLFgsOn4psy1OM_X8Uu5iP1gxGOisDGdBtJlGvjD3jVx0-qg8scmOo3dK2Ox1dS80ICdUeFwq9YoHeHexl_q3dBl7bNKcYeB7UYgRZ-uOStqm9YOUhD37ycCt11nrLLhJn21lh3ZBPbiLNzdOtCy7iL99s6iI0J5BSSiO-ZbAx1IuJq0Eo0m65oHjunINGM7HB8j_rpOX5QxcH0Li2mkxhNMQ4sfCmnvN4NimQZ2uIawsnoKpkthq7PLk8xaUqpffBu4oc7Bjw-TaZhJHSFpI7sVMqJz19Ann55m-ZNUraQwktSIJhQf_XtEoMDSn92MWHRG-PZxA-aodJtojp4TNSOrQ4oKHTSc8V8uHnS1J059HC1nCY0rqWWuWxfJZ6vor_wG4uD4qyYaR65zHrvopkKkgA4TcTzQVMQDiEo5m4FCd9xx1XgCaunGTUJUeAIWO1jeMQQLPSyjpSm0-EfJ3nMgWAV9Y6Zb-26rh3eAmkVNBKTMkLKdTtwccXZApWJbpvbVobzd1W-ICah2GxEEG3qVeeW25aqAz6M9XXpiPihGniAg0rKWNF-woPpUIQkDlhXF9CoP3Sf2lpAwLuoht3CF0g0B6WVISGv13UdmgnPCJCcvJfep2Q6RJfCb3XQUb__oHTfnrOnyBVeUK0aC08wq6j87EB9HPsgP61DtsYAQjcxIkX3GUQx94dIWouPBYsLoTF41tzPmsl2PaA76yxRG_wbmDy76mlVNWv5kNZ1zrFzUKSITMDeILBtuqDI5_LpjDS8MFLVRaLZ5o_WkKOrfdMEkGKgbtV3_OonfCJ6jzGKxJiaIhk1n2VrDQg.F1PwSe3Viy-LJsUipJNF5Q",
    "refresh_token": "AB11699790793DxyF8lcuZojmQ3Pp2BUjA6AKn6pdscOCU3Ucq",
    "expires_in": 3600,
    "x_refresh_token_expires_in": 8726400,
    "id_token": "eyJraWQiOiJPUElDUFJEMDkxODIwMTQiLCJhbGciOiJSUzI1NiJ9.eyJzdWIiOiI0MGM1ZTBhOS05ZGYxLTQzZWMtODI1Yy0xZDE4NmU0YmI5OTUiLCJhdWQiOlsiQUJBYzFrTVEza3JVaUFLV0E1aFAzSTloblhZSDBTcHVaangzbGQ1cGNSd0NPNHlBQlAiXSwicmVhbG1pZCI6IjQ2MjA4MTYzNjUzMDc0NTc1OTAiLCJhdXRoX3RpbWUiOjE2OTEwNjA1MjUsImlzcyI6Imh0dHBzOlwvXC9vYXV0aC5wbGF0Zm9ybS5pbnR1aXQuY29tXC9vcFwvdjEiLCJleHAiOjE2OTEwNjc5OTMsImlhdCI6MTY5MTA2NDM5M30.LmIc5dU0nZXDjsbo7w6SzL7F3rgF_O5Og769olA3KcyFn4pLWu79x3X6h12yo6TPwerzV7_u2g6bLko8Mvtk_f6zc41mDXFLMRn4cR5Tijpb9fVsmPmT1bre74HZgzNG6MAX4BtxnRUgU7Ko4ajPa-9pnuNPWQZ54-IMynvnSzU",
    "latency": 60000,
    "createdAt": 1691064394238,
    "state": "fbeb1a04-f774-4a92-8e45-ee2bf3010f4e"
  },
  "response": {
    "url": "https://oauth.platform.intuit.com/oauth2/v1/tokens/bearer",
    "headers": {
      "date": "Thu, 03 Aug 2023 12:06:33 GMT",
      "content-type": "application/json;charset=utf-8",
      "content-length": "1684",
      "connection": "close",
      "x-spanid": "ae9c32eb-f518-8f4c-1e7f-f143bc65c93e",
      "x-amzn-trace-id": "Root=1-64cb9849-397242457d4cb1e969678472",
      "x-content-type-options": "nosniff",
      "server": "istio-envoy",
      "cache-control": "no-cache, no-store",
      "pragma": "no-cache",
      "x-frame-options": "SAMEORIGIN",
      "x-xss-protection": "1; mode=block",
      "x-envoy-upstream-service-time": "72",
      "strict-transport-security": "max-age=31536000",
      "intuit_tid": "1-64cb9849-397242457d4cb1e969678472",
      "x-request-id": "1-64cb9849-397242457d4cb1e969678472",
      "x-envoy-decorator-operation": "usw2-prd-id06-intuit-gateway-active-service.services-gateway-apigwid-usw2-prd-id06.svc.cluster.local:7000/*"
    },
    "body": "{\"access_token\":\"eyJlbmMiOiJBMTI4Q0JDLUhTMjU2IiwiYWxnIjoiZGlyIn0..YNYxNhOXHNwe2Nhmgo9-6g.79ddzrErtE916ZxvCZkzebTAhLFgsOn4psy1OM_X8Uu5iP1gxGOisDGdBtJlGvjD3jVx0-qg8scmOo3dK2Ox1dS80ICdUeFwq9YoHeHexl_q3dBl7bNKcYeB7UYgRZ-uOStqm9YOUhD37ycCt11nrLLhJn21lh3ZBPbiLNzdOtCy7iL99s6iI0J5BSSiO-ZbAx1IuJq0Eo0m65oHjunINGM7HB8j_rpOX5QxcH0Li2mkxhNMQ4sfCmnvN4NimQZ2uIawsnoKpkthq7PLk8xaUqpffBu4oc7Bjw-TaZhJHSFpI7sVMqJz19Ann55m-ZNUraQwktSIJhQf_XtEoMDSn92MWHRG-PZxA-aodJtojp4TNSOrQ4oKHTSc8V8uHnS1J059HC1nCY0rqWWuWxfJZ6vor_wG4uD4qyYaR65zHrvopkKkgA4TcTzQVMQDiEo5m4FCd9xx1XgCaunGTUJUeAIWO1jeMQQLPSyjpSm0-EfJ3nMgWAV9Y6Zb-26rh3eAmkVNBKTMkLKdTtwccXZApWJbpvbVobzd1W-ICah2GxEEG3qVeeW25aqAz6M9XXpiPihGniAg0rKWNF-woPpUIQkDlhXF9CoP3Sf2lpAwLuoht3CF0g0B6WVISGv13UdmgnPCJCcvJfep2Q6RJfCb3XQUb__oHTfnrOnyBVeUK0aC08wq6j87EB9HPsgP61DtsYAQjcxIkX3GUQx94dIWouPBYsLoTF41tzPmsl2PaA76yxRG_wbmDy76mlVNWv5kNZ1zrFzUKSITMDeILBtuqDI5_LpjDS8MFLVRaLZ5o_WkKOrfdMEkGKgbtV3_OonfCJ6jzGKxJiaIhk1n2VrDQg.F1PwSe3Viy-LJsUipJNF5Q\",\"token_type\":\"bearer\",\"x_refresh_token_expires_in\":8726400,\"id_token\":\"eyJraWQiOiJPUElDUFJEMDkxODIwMTQiLCJhbGciOiJSUzI1NiJ9.eyJzdWIiOiI0MGM1ZTBhOS05ZGYxLTQzZWMtODI1Yy0xZDE4NmU0YmI5OTUiLCJhdWQiOlsiQUJBYzFrTVEza3JVaUFLV0E1aFAzSTloblhZSDBTcHVaangzbGQ1cGNSd0NPNHlBQlAiXSwicmVhbG1pZCI6IjQ2MjA4MTYzNjUzMDc0NTc1OTAiLCJhdXRoX3RpbWUiOjE2OTEwNjA1MjUsImlzcyI6Imh0dHBzOlwvXC9vYXV0aC5wbGF0Zm9ybS5pbnR1aXQuY29tXC9vcFwvdjEiLCJleHAiOjE2OTEwNjc5OTMsImlhdCI6MTY5MTA2NDM5M30.LmIc5dU0nZXDjsbo7w6SzL7F3rgF_O5Og769olA3KcyFn4pLWu79x3X6h12yo6TPwerzV7_u2g6bLko8Mvtk_f6zc41mDXFLMRn4cR5Tijpb9fVsmPmT1bre74HZgzNG6MAX4BtxnRUgU7Ko4ajPa-9pnuNPWQZ54-IMynvnSzU\",\"refresh_token\":\"AB11699790793DxyF8lcuZojmQ3Pp2BUjA6AKn6pdscOCU3Ucq\",\"expires_in\":3600}",
    "status": 200,
    "statusText": "OK"
  },
  "body": "{\"access_token\":\"eyJlbmMiOiJBMTI4Q0JDLUhTMjU2IiwiYWxnIjoiZGlyIn0..YNYxNhOXHNwe2Nhmgo9-6g.79ddzrErtE916ZxvCZkzebTAhLFgsOn4psy1OM_X8Uu5iP1gxGOisDGdBtJlGvjD3jVx0-qg8scmOo3dK2Ox1dS80ICdUeFwq9YoHeHexl_q3dBl7bNKcYeB7UYgRZ-uOStqm9YOUhD37ycCt11nrLLhJn21lh3ZBPbiLNzdOtCy7iL99s6iI0J5BSSiO-ZbAx1IuJq0Eo0m65oHjunINGM7HB8j_rpOX5QxcH0Li2mkxhNMQ4sfCmnvN4NimQZ2uIawsnoKpkthq7PLk8xaUqpffBu4oc7Bjw-TaZhJHSFpI7sVMqJz19Ann55m-ZNUraQwktSIJhQf_XtEoMDSn92MWHRG-PZxA-aodJtojp4TNSOrQ4oKHTSc8V8uHnS1J059HC1nCY0rqWWuWxfJZ6vor_wG4uD4qyYaR65zHrvopkKkgA4TcTzQVMQDiEo5m4FCd9xx1XgCaunGTUJUeAIWO1jeMQQLPSyjpSm0-EfJ3nMgWAV9Y6Zb-26rh3eAmkVNBKTMkLKdTtwccXZApWJbpvbVobzd1W-ICah2GxEEG3qVeeW25aqAz6M9XXpiPihGniAg0rKWNF-woPpUIQkDlhXF9CoP3Sf2lpAwLuoht3CF0g0B6WVISGv13UdmgnPCJCcvJfep2Q6RJfCb3XQUb__oHTfnrOnyBVeUK0aC08wq6j87EB9HPsgP61DtsYAQjcxIkX3GUQx94dIWouPBYsLoTF41tzPmsl2PaA76yxRG_wbmDy76mlVNWv5kNZ1zrFzUKSITMDeILBtuqDI5_LpjDS8MFLVRaLZ5o_WkKOrfdMEkGKgbtV3_OonfCJ6jzGKxJiaIhk1n2VrDQg.F1PwSe3Viy-LJsUipJNF5Q\",\"token_type\":\"bearer\",\"x_refresh_token_expires_in\":8726400,\"id_token\":\"eyJraWQiOiJPUElDUFJEMDkxODIwMTQiLCJhbGciOiJSUzI1NiJ9.eyJzdWIiOiI0MGM1ZTBhOS05ZGYxLTQzZWMtODI1Yy0xZDE4NmU0YmI5OTUiLCJhdWQiOlsiQUJBYzFrTVEza3JVaUFLV0E1aFAzSTloblhZSDBTcHVaangzbGQ1cGNSd0NPNHlBQlAiXSwicmVhbG1pZCI6IjQ2MjA4MTYzNjUzMDc0NTc1OTAiLCJhdXRoX3RpbWUiOjE2OTEwNjA1MjUsImlzcyI6Imh0dHBzOlwvXC9vYXV0aC5wbGF0Zm9ybS5pbnR1aXQuY29tXC9vcFwvdjEiLCJleHAiOjE2OTEwNjc5OTMsImlhdCI6MTY5MTA2NDM5M30.LmIc5dU0nZXDjsbo7w6SzL7F3rgF_O5Og769olA3KcyFn4pLWu79x3X6h12yo6TPwerzV7_u2g6bLko8Mvtk_f6zc41mDXFLMRn4cR5Tijpb9fVsmPmT1bre74HZgzNG6MAX4BtxnRUgU7Ko4ajPa-9pnuNPWQZ54-IMynvnSzU\",\"refresh_token\":\"AB11699790793DxyF8lcuZojmQ3Pp2BUjA6AKn6pdscOCU3Ucq\",\"expires_in\":3600}",
  "json": {
    "access_token": "eyJlbmMiOiJBMTI4Q0JDLUhTMjU2IiwiYWxnIjoiZGlyIn0..YNYxNhOXHNwe2Nhmgo9-6g.79ddzrErtE916ZxvCZkzebTAhLFgsOn4psy1OM_X8Uu5iP1gxGOisDGdBtJlGvjD3jVx0-qg8scmOo3dK2Ox1dS80ICdUeFwq9YoHeHexl_q3dBl7bNKcYeB7UYgRZ-uOStqm9YOUhD37ycCt11nrLLhJn21lh3ZBPbiLNzdOtCy7iL99s6iI0J5BSSiO-ZbAx1IuJq0Eo0m65oHjunINGM7HB8j_rpOX5QxcH0Li2mkxhNMQ4sfCmnvN4NimQZ2uIawsnoKpkthq7PLk8xaUqpffBu4oc7Bjw-TaZhJHSFpI7sVMqJz19Ann55m-ZNUraQwktSIJhQf_XtEoMDSn92MWHRG-PZxA-aodJtojp4TNSOrQ4oKHTSc8V8uHnS1J059HC1nCY0rqWWuWxfJZ6vor_wG4uD4qyYaR65zHrvopkKkgA4TcTzQVMQDiEo5m4FCd9xx1XgCaunGTUJUeAIWO1jeMQQLPSyjpSm0-EfJ3nMgWAV9Y6Zb-26rh3eAmkVNBKTMkLKdTtwccXZApWJbpvbVobzd1W-ICah2GxEEG3qVeeW25aqAz6M9XXpiPihGniAg0rKWNF-woPpUIQkDlhXF9CoP3Sf2lpAwLuoht3CF0g0B6WVISGv13UdmgnPCJCcvJfep2Q6RJfCb3XQUb__oHTfnrOnyBVeUK0aC08wq6j87EB9HPsgP61DtsYAQjcxIkX3GUQx94dIWouPBYsLoTF41tzPmsl2PaA76yxRG_wbmDy76mlVNWv5kNZ1zrFzUKSITMDeILBtuqDI5_LpjDS8MFLVRaLZ5o_WkKOrfdMEkGKgbtV3_OonfCJ6jzGKxJiaIhk1n2VrDQg.F1PwSe3Viy-LJsUipJNF5Q",
    "token_type": "bearer",
    "x_refresh_token_expires_in": 8726400,
    "id_token": "eyJraWQiOiJPUElDUFJEMDkxODIwMTQiLCJhbGciOiJSUzI1NiJ9.eyJzdWIiOiI0MGM1ZTBhOS05ZGYxLTQzZWMtODI1Yy0xZDE4NmU0YmI5OTUiLCJhdWQiOlsiQUJBYzFrTVEza3JVaUFLV0E1aFAzSTloblhZSDBTcHVaangzbGQ1cGNSd0NPNHlBQlAiXSwicmVhbG1pZCI6IjQ2MjA4MTYzNjUzMDc0NTc1OTAiLCJhdXRoX3RpbWUiOjE2OTEwNjA1MjUsImlzcyI6Imh0dHBzOlwvXC9vYXV0aC5wbGF0Zm9ybS5pbnR1aXQuY29tXC9vcFwvdjEiLCJleHAiOjE2OTEwNjc5OTMsImlhdCI6MTY5MTA2NDM5M30.LmIc5dU0nZXDjsbo7w6SzL7F3rgF_O5Og769olA3KcyFn4pLWu79x3X6h12yo6TPwerzV7_u2g6bLko8Mvtk_f6zc41mDXFLMRn4cR5Tijpb9fVsmPmT1bre74HZgzNG6MAX4BtxnRUgU7Ko4ajPa-9pnuNPWQZ54-IMynvnSzU",
    "refresh_token": "AB11699790793DxyF8lcuZojmQ3Pp2BUjA6AKn6pdscOCU3Ucq",
    "expires_in": 3600
  },
  "intuit_tid": "1-64cb9849-397242457d4cb1e969678472"
}
